Using pre-set license
Built from '2021.3/staging' branch; Version is '2021.3.6f1 (7da38d85baf6) revision 8233869'; Using compiler version '192829333'; Build Type 'Release'
OS: 'Windows 11  (10.0.22000) 64bit Core' Language: 'en' Physical Memory: 32596 MB
BatchMode: 1, IsHumanControllingUs: 0, StartBugReporterOnCrash: 0, Is64bit: 1, IsPro: 1

COMMAND LINE ARGUMENTS:
C:\Program Files\Unity\Hub\Editor\2021.3.6f1\Editor\Unity.exe
-adb2
-batchMode
-noUpm
-name
AssetImportWorker2
-projectPath
C:/Users/coppe/Documents/GitHub/PixelParadise
-logFile
Logs/AssetImportWorker2.log
-srvPort
54940
Successfully changed project path to: C:/Users/coppe/Documents/GitHub/PixelParadise
C:/Users/coppe/Documents/GitHub/PixelParadise
[UnityMemory] Configuration Parameters - Can be set up in boot.config
    "memorysetup-bucket-allocator-granularity=16"
    "memorysetup-bucket-allocator-bucket-count=8"
    "memorysetup-bucket-allocator-block-size=33554432"
    "memorysetup-bucket-allocator-block-count=8"
    "memorysetup-main-allocator-block-size=16777216"
    "memorysetup-thread-allocator-block-size=16777216"
    "memorysetup-gfx-main-allocator-block-size=16777216"
    "memorysetup-gfx-thread-allocator-block-size=16777216"
    "memorysetup-cache-allocator-block-size=4194304"
    "memorysetup-typetree-allocator-block-size=2097152"
    "memorysetup-profiler-bucket-allocator-granularity=16"
    "memorysetup-profiler-bucket-allocator-bucket-count=8"
    "memorysetup-profiler-bucket-allocator-block-size=33554432"
    "memorysetup-profiler-bucket-allocator-block-count=8"
    "memorysetup-profiler-allocator-block-size=16777216"
    "memorysetup-profiler-editor-allocator-block-size=1048576"
    "memorysetup-temp-allocator-size-main=16777216"
    "memorysetup-job-temp-allocator-block-size=2097152"
    "memorysetup-job-temp-allocator-block-size-background=1048576"
    "memorysetup-job-temp-allocator-reduction-small-platforms=262144"
    "memorysetup-temp-allocator-size-background-worker=32768"
    "memorysetup-temp-allocator-size-job-worker=262144"
    "memorysetup-temp-allocator-size-preload-manager=33554432"
    "memorysetup-temp-allocator-size-nav-mesh-worker=65536"
    "memorysetup-temp-allocator-size-audio-worker=65536"
    "memorysetup-temp-allocator-size-cloud-worker=32768"
    "memorysetup-temp-allocator-size-gi-baking-worker=262144"
    "memorysetup-temp-allocator-size-gfx=262144"
Refreshing native plugins compatible for Editor in 85.41 ms, found 1 plugins.
Preloading 0 native plugins for Editor in 0.00 ms.
Initialize engine version: 2021.3.6f1 (7da38d85baf6)
[Subsystems] Discovering subsystems at path C:/Program Files/Unity/Hub/Editor/2021.3.6f1/Editor/Data/Resources/UnitySubsystems
[Subsystems] Discovering subsystems at path C:/Users/coppe/Documents/GitHub/PixelParadise/Assets
GfxDevice: creating device client; threaded=0; jobified=0
Direct3D:
    Version:  Direct3D 11.0 [level 11.1]
    Renderer: NVIDIA GeForce RTX 3060 Ti (ID=0x2489)
    Vendor:   NVIDIA
    VRAM:     8050 MB
    Driver:   31.0.15.1659
Initialize mono
Mono path[0] = 'C:/Program Files/Unity/Hub/Editor/2021.3.6f1/Editor/Data/Managed'
Mono path[1] = 'C:/Program Files/Unity/Hub/Editor/2021.3.6f1/Editor/Data/MonoBleedingEdge/lib/mono/unityjit-win32'
Mono config path = 'C:/Program Files/Unity/Hub/Editor/2021.3.6f1/Editor/Data/MonoBleedingEdge/etc'
Using monoOptions --debugger-agent=transport=dt_socket,embedding=1,server=y,suspend=n,address=127.0.0.1:56424
Begin MonoManager ReloadAssembly
Registering precompiled unity dll's ...
Register platform support module: C:/Program Files/Unity/Hub/Editor/2021.3.6f1/Editor/Data/PlaybackEngines/WindowsStandaloneSupport/UnityEditor.WindowsStandalone.Extensions.dll
Registered in 0.003234 seconds.
Native extension for WindowsStandalone target not found
Refreshing native plugins compatible for Editor in 92.67 ms, found 1 plugins.
Preloading 0 native plugins for Editor in 0.00 ms.
Mono: successfully reloaded assembly
- Completed reload, in  0.534 seconds
Domain Reload Profiling:
	ReloadAssembly (534ms)
		BeginReloadAssembly (51ms)
			ExecutionOrderSort (0ms)
			DisableScriptedObjects (0ms)
			BackupInstance (0ms)
			ReleaseScriptingObjects (0ms)
			CreateAndSetChildDomain (1ms)
		EndReloadAssembly (396ms)
			LoadAssemblies (49ms)
			RebuildTransferFunctionScriptingTraits (0ms)
			SetupTypeCache (89ms)
			ReleaseScriptCaches (0ms)
			RebuildScriptCaches (21ms)
			SetupLoadedEditorAssemblies (250ms)
				LogAssemblyErrors (0ms)
				InitializePlatformSupportModulesInManaged (5ms)
				SetLoadedEditorAssemblies (0ms)
				RefreshPlugins (93ms)
				BeforeProcessingInitializeOnLoad (1ms)
				ProcessInitializeOnLoadAttributes (112ms)
				ProcessInitializeOnLoadMethodAttributes (39ms)
				AfterProcessingInitializeOnLoad (0ms)
				EditorAssembliesLoaded (0ms)
			ExecutionOrderSort2 (0ms)
			AwakeInstancesAfterBackupRestoration (0ms)
Platform modules already initialized, skipping
Registering precompiled user dll's ...
Registered in 0.003751 seconds.
Begin MonoManager ReloadAssembly
Symbol file LoadedFromMemory doesn't match image C:\Users\coppe\Documents\GitHub\PixelParadise\Library\PackageCache\com.unity.visualscripting@1.7.8\Editor\VisualScripting.Core\Dependencies\YamlDotNet\Unity.VisualScripting.YamlDotNet.dll
Symbol file LoadedFromMemory doesn't match image C:\Users\coppe\Documents\GitHub\PixelParadise\Library\PackageCache\com.unity.visualscripting@1.7.8\Editor\VisualScripting.Core\Dependencies\DotNetZip\Unity.VisualScripting.IonicZip.dll
Native extension for WindowsStandalone target not found
Refreshing native plugins compatible for Editor in 89.38 ms, found 1 plugins.
Preloading 0 native plugins for Editor in 0.00 ms.
Mono: successfully reloaded assembly
- Completed reload, in  0.976 seconds
Domain Reload Profiling:
	ReloadAssembly (977ms)
		BeginReloadAssembly (73ms)
			ExecutionOrderSort (0ms)
			DisableScriptedObjects (4ms)
			BackupInstance (0ms)
			ReleaseScriptingObjects (0ms)
			CreateAndSetChildDomain (14ms)
		EndReloadAssembly (806ms)
			LoadAssemblies (54ms)
			RebuildTransferFunctionScriptingTraits (0ms)
			SetupTypeCache (191ms)
			ReleaseScriptCaches (0ms)
			RebuildScriptCaches (51ms)
			SetupLoadedEditorAssemblies (467ms)
				LogAssemblyErrors (0ms)
				InitializePlatformSupportModulesInManaged (4ms)
				SetLoadedEditorAssemblies (0ms)
				RefreshPlugins (89ms)
				BeforeProcessingInitializeOnLoad (101ms)
				ProcessInitializeOnLoadAttributes (208ms)
				ProcessInitializeOnLoadMethodAttributes (62ms)
				AfterProcessingInitializeOnLoad (4ms)
				EditorAssembliesLoaded (0ms)
			ExecutionOrderSort2 (0ms)
			AwakeInstancesAfterBackupRestoration (4ms)
Platform modules already initialized, skipping
========================================================================
Worker process is ready to serve import requests
Launched and connected shader compiler UnityShaderCompiler.exe after 0.02 seconds
Refreshing native plugins compatible for Editor in 0.65 ms, found 1 plugins.
Preloading 0 native plugins for Editor in 0.00 ms.
Unloading 4916 Unused Serialized files (Serialized files now loaded: 0)
Unloading 52 unused Assets / (1.2 MB). Loaded Objects now: 5357.
Memory consumption went from 197.5 MB to 196.3 MB.
Total: 3.032000 ms (FindLiveObjects: 0.320200 ms CreateObjectMapping: 0.224100 ms MarkObjects: 2.119100 ms  DeleteObjects: 0.367600 ms)

AssetImportParameters requested are different than current active one (requested -> active):
  custom:video-decoder-ogg-theora: a1e56fd34408186e4bbccfd4996cb3dc -> 
  custom:container-muxer-webm: aa71ff27fc2769a1b78a27578f13a17b -> 
  custom:container-demuxer-webm: 4f35f7cbe854078d1ac9338744f61a02 -> 
  custom:video-encoder-webm-vp8: eb34c28f22e8b96e1ab97ce403110664 -> 
  custom:audio-encoder-webm-vorbis: bf7c407c2cedff20999df2af8eb42d56 -> 
  custom:framework-win-MediaFoundation: 216162199b28c13a410421893ffa2e32 -> 
  custom:container-demuxer-ogg: 62fdf1f143b41e24485cea50d1cbac27 -> 
  custom:video-decoder-webm-vp8: 9c59270c3fd7afecdb556c50c9e8de78 -> 
  custom:audio-decoder-ogg-vorbis: bf7c407c2cedff20999df2af8eb42d56 -> 
========================================================================
Received Import Request.
  Time since last request: 274004.759341 seconds.
  path: Assets/Character/Sprites/PlayerLand.png
  artifactKey: Guid(e0d1e122a29a24ec19a2b23782952411) Importer(815301076,1909f56bfc062723c751e8b465ee728b)
Start importing Assets/Character/Sprites/PlayerLand.png using Guid(e0d1e122a29a24ec19a2b23782952411) Importer(815301076,1909f56bfc062723c751e8b465ee728b)  -> (artifact id: 'ced91362174bea161c8c0f64db523f86') in 0.099489 seconds 
========================================================================
Received Import Request.
  Time since last request: 0.000025 seconds.
  path: Assets/Character/Sprites/EnemyIdle.png
  artifactKey: Guid(fe68c6e1242e94a9eab222e1f49440ff) Importer(815301076,1909f56bfc062723c751e8b465ee728b)
Start importing Assets/Character/Sprites/EnemyIdle.png using Guid(fe68c6e1242e94a9eab222e1f49440ff) Importer(815301076,1909f56bfc062723c751e8b465ee728b)  -> (artifact id: '724a31ec21d22f057d6fc941c2d745e4') in 0.218859 seconds 
========================================================================
Received Import Request.
  Time since last request: 0.000023 seconds.
  path: Assets/Character/Sprites/TokenCollected.png
  artifactKey: Guid(d7f3ba40c95624407a79329e1af8b953) Importer(815301076,1909f56bfc062723c751e8b465ee728b)
Start importing Assets/Character/Sprites/TokenCollected.png using Guid(d7f3ba40c95624407a79329e1af8b953) Importer(815301076,1909f56bfc062723c751e8b465ee728b)  -> (artifact id: '2b866285cb9d252110572f538a1a8596') in 0.046765 seconds 
========================================================================
Received Import Request.
  Time since last request: 0.000031 seconds.
  path: Assets/Character/Sprites/EnemyHurt.png
  artifactKey: Guid(93c828a03eeb34779a4373e83c7e1bcc) Importer(815301076,1909f56bfc062723c751e8b465ee728b)
Start importing Assets/Character/Sprites/EnemyHurt.png using Guid(93c828a03eeb34779a4373e83c7e1bcc) Importer(815301076,1909f56bfc062723c751e8b465ee728b)  -> (artifact id: '1345899014cc55dba7fe434abf3fad75') in 0.063716 seconds 
========================================================================
Received Import Request.
  Time since last request: 0.000028 seconds.
  path: Assets/Character/Sprites/CowIdle.png
  artifactKey: Guid(9647c1b979ad8744d8d37e915e5e260a) Importer(815301076,1909f56bfc062723c751e8b465ee728b)
Start importing Assets/Character/Sprites/CowIdle.png using Guid(9647c1b979ad8744d8d37e915e5e260a) Importer(815301076,1909f56bfc062723c751e8b465ee728b)  -> (artifact id: 'b081f677bfa2d258c626e326723daf65') in 0.028788 seconds 
========================================================================
Received Import Request.
  Time since last request: 20.546665 seconds.
  path: Assets/Character/Sprites/CowDeath.png
  artifactKey: Guid(ed25c17f3a697fe438a3c04694901992) Importer(815301076,1909f56bfc062723c751e8b465ee728b)
Start importing Assets/Character/Sprites/CowDeath.png using Guid(ed25c17f3a697fe438a3c04694901992) Importer(815301076,1909f56bfc062723c751e8b465ee728b)  -> (artifact id: '6330a42b0b217565d86ae61972ec4bc0') in 0.021161 seconds 
========================================================================
Received Import Request.
  Time since last request: 7.979217 seconds.
  path: Assets/Character/Sprites/CowSpawn.png
  artifactKey: Guid(24ad45657a21b9249a0a0e63b41f0e34) Importer(815301076,1909f56bfc062723c751e8b465ee728b)
Start importing Assets/Character/Sprites/CowSpawn.png using Guid(24ad45657a21b9249a0a0e63b41f0e34) Importer(815301076,1909f56bfc062723c751e8b465ee728b)  -> (artifact id: '867cc3e7e432f20078d97a53c1d471e6') in 0.022340 seconds 
========================================================================
Received Import Request.
  Time since last request: 4.414929 seconds.
  path: Assets/Character/Sprites/CowWalk.png
  artifactKey: Guid(4d2cfc63d966db842b2714372ba52ccf) Importer(815301076,1909f56bfc062723c751e8b465ee728b)
Start importing Assets/Character/Sprites/CowWalk.png using Guid(4d2cfc63d966db842b2714372ba52ccf) Importer(815301076,1909f56bfc062723c751e8b465ee728b)  -> (artifact id: 'c82a6e7267e59fd504714edbfa06666e') in 0.016942 seconds 
========================================================================
Received Import Request.
  Time since last request: 35.701022 seconds.
  path: Assets/Character/Sprites/CowWalk.png
  artifactKey: Guid(4d2cfc63d966db842b2714372ba52ccf) Importer(815301076,1909f56bfc062723c751e8b465ee728b)
Start importing Assets/Character/Sprites/CowWalk.png using Guid(4d2cfc63d966db842b2714372ba52ccf) Importer(815301076,1909f56bfc062723c751e8b465ee728b)  -> (artifact id: '1b68137738f066806e91ca548b721e73') in 0.011132 seconds 
========================================================================
Received Import Request.
  Time since last request: 43.588660 seconds.
  path: Assets/Character/Sprites/CowWalk.png
  artifactKey: Guid(4d2cfc63d966db842b2714372ba52ccf) Importer(815301076,1909f56bfc062723c751e8b465ee728b)
Start importing Assets/Character/Sprites/CowWalk.png using Guid(4d2cfc63d966db842b2714372ba52ccf) Importer(815301076,1909f56bfc062723c751e8b465ee728b)  -> (artifact id: '25b7431e8de7a5b44243ed577f279d72') in 0.040429 seconds 
========================================================================
Received Import Request.
  Time since last request: 57.541867 seconds.
  path: Assets/Scripts/Gameplay/PlayerEnemyCollision.cs
  artifactKey: Guid(c8dbdd402c7594d3984ae281ba568775) Importer(815301076,1909f56bfc062723c751e8b465ee728b)
Start importing Assets/Scripts/Gameplay/PlayerEnemyCollision.cs using Guid(c8dbdd402c7594d3984ae281ba568775) Importer(815301076,1909f56bfc062723c751e8b465ee728b)  -> (artifact id: '31e390fd51d0eaccda32f26655ba35bd') in 0.008686 seconds 
========================================================================
Received Import Request.
  Time since last request: 3.896204 seconds.
  path: Assets/Scripts/Gameplay/PlayerLanded.cs
  artifactKey: Guid(a408f6e7866fe4789addb32c11b745b7) Importer(815301076,1909f56bfc062723c751e8b465ee728b)
Start importing Assets/Scripts/Gameplay/PlayerLanded.cs using Guid(a408f6e7866fe4789addb32c11b745b7) Importer(815301076,1909f56bfc062723c751e8b465ee728b)  -> (artifact id: 'acfbdd26c6b0f6095d831292fcbdfc2c') in 0.005002 seconds 
========================================================================
Received Import Request.
  Time since last request: 0.654201 seconds.
  path: Assets/Scripts/Gameplay/PlayerJumped.cs
  artifactKey: Guid(d0594447dc056485392cd3234551e60c) Importer(815301076,1909f56bfc062723c751e8b465ee728b)
Start importing Assets/Scripts/Gameplay/PlayerJumped.cs using Guid(d0594447dc056485392cd3234551e60c) Importer(815301076,1909f56bfc062723c751e8b465ee728b)  -> (artifact id: 'bb5aa59cc3b0e5e04442db5c31e51500') in 0.004834 seconds 
========================================================================
Received Import Request.
  Time since last request: 4.386897 seconds.
  path: Assets/Scripts/Gameplay/PlayerStopJump.cs
  artifactKey: Guid(f192dfa6aa5634c23ad0160e80332bde) Importer(815301076,1909f56bfc062723c751e8b465ee728b)
Start importing Assets/Scripts/Gameplay/PlayerStopJump.cs using Guid(f192dfa6aa5634c23ad0160e80332bde) Importer(815301076,1909f56bfc062723c751e8b465ee728b)  -> (artifact id: '4f302bafa6da809d844000fc860a4e8b') in 0.005541 seconds 
========================================================================
Received Import Request.
  Time since last request: 3.562804 seconds.
  path: Assets/Scripts/Gameplay/PlayerSpawn.cs
  artifactKey: Guid(8fc2f862cb18245199adc2074a7f2b4e) Importer(815301076,1909f56bfc062723c751e8b465ee728b)
Start importing Assets/Scripts/Gameplay/PlayerSpawn.cs using Guid(8fc2f862cb18245199adc2074a7f2b4e) Importer(815301076,1909f56bfc062723c751e8b465ee728b)  -> (artifact id: '5270dc5cef5ada1d5fa306b5046ba7d7') in 0.002039 seconds 
========================================================================
Received Import Request.
  Time since last request: 6.500465 seconds.
  path: Assets/Scripts/Gameplay/PlayerEnteredVictoryZone.cs
  artifactKey: Guid(7f69543bd2f704ed8a7a45ae002f648c) Importer(815301076,1909f56bfc062723c751e8b465ee728b)
Start importing Assets/Scripts/Gameplay/PlayerEnteredVictoryZone.cs using Guid(7f69543bd2f704ed8a7a45ae002f648c) Importer(815301076,1909f56bfc062723c751e8b465ee728b)  -> (artifact id: 'fa46ea603c67952c3199699f72b39aca') in 0.004556 seconds 
========================================================================
Received Import Request.
  Time since last request: 2.815856 seconds.
  path: Assets/Scripts/Gameplay/PlayerEnteredDeathZone.cs
  artifactKey: Guid(8f16a8f8b0a074a3a957b48df9f6a758) Importer(815301076,1909f56bfc062723c751e8b465ee728b)
Start importing Assets/Scripts/Gameplay/PlayerEnteredDeathZone.cs using Guid(8f16a8f8b0a074a3a957b48df9f6a758) Importer(815301076,1909f56bfc062723c751e8b465ee728b)  -> (artifact id: 'ea05c5e9b731c57f32db141db5ae85f8') in 0.004917 seconds 
========================================================================
Received Import Request.
  Time since last request: 5.061909 seconds.
  path: Assets/Scripts/Gameplay/PlayerDeath.cs
  artifactKey: Guid(b144adbcc33064b868df6d6c17ab5f1a) Importer(815301076,1909f56bfc062723c751e8b465ee728b)
Start importing Assets/Scripts/Gameplay/PlayerDeath.cs using Guid(b144adbcc33064b868df6d6c17ab5f1a) Importer(815301076,1909f56bfc062723c751e8b465ee728b)  -> (artifact id: 'e5dff8e730fc672316e8f58bda69f2d2') in 0.001521 seconds 
========================================================================
Received Import Request.
  Time since last request: 5.528085 seconds.
  path: Assets/Scripts/Gameplay/PlayerTokenCollision.cs
  artifactKey: Guid(280a2907710a44d77a3ecb703ab792f5) Importer(815301076,1909f56bfc062723c751e8b465ee728b)
Start importing Assets/Scripts/Gameplay/PlayerTokenCollision.cs using Guid(280a2907710a44d77a3ecb703ab792f5) Importer(815301076,1909f56bfc062723c751e8b465ee728b)  -> (artifact id: '7378031e74cca55d55327e3e0ca52c2f') in 0.005916 seconds 
========================================================================
Received Import Request.
  Time since last request: 5.626537 seconds.
  path: Assets/Scripts/Mechanics/CowController.cs
  artifactKey: Guid(166af4b100b445e47b832bdc2936df7a) Importer(815301076,1909f56bfc062723c751e8b465ee728b)
Start importing Assets/Scripts/Mechanics/CowController.cs using Guid(166af4b100b445e47b832bdc2936df7a) Importer(815301076,1909f56bfc062723c751e8b465ee728b)  -> (artifact id: '841f5ff6600eb05a0a5e55878a9c4f7b') in 0.004797 seconds 
========================================================================
Received Import Request.
  Time since last request: 12.737869 seconds.
  path: Assets/Scripts/Mechanics/PlayerController.cs
  artifactKey: Guid(709ee11994a2f44658e5fc9887c45081) Importer(815301076,1909f56bfc062723c751e8b465ee728b)
Start importing Assets/Scripts/Mechanics/PlayerController.cs using Guid(709ee11994a2f44658e5fc9887c45081) Importer(815301076,1909f56bfc062723c751e8b465ee728b)  -> (artifact id: 'ee6e5fb6e25b8142ac2e6a930082f663') in 0.005110 seconds 
========================================================================
Received Import Request.
  Time since last request: 308.641300 seconds.
  path: Assets/Scripts/Mechanics/CowController.cs
  artifactKey: Guid(166af4b100b445e47b832bdc2936df7a) Importer(815301076,1909f56bfc062723c751e8b465ee728b)
Start importing Assets/Scripts/Mechanics/CowController.cs using Guid(166af4b100b445e47b832bdc2936df7a) Importer(815301076,1909f56bfc062723c751e8b465ee728b)  -> (artifact id: '75fcf4a2aaa2da5a35f000c4c20aa8f2') in 0.004168 seconds 
========================================================================
Received Import Request.
  Time since last request: 56.248004 seconds.
  path: Assets/Scripts/Mechanics/CowController.cs
  artifactKey: Guid(166af4b100b445e47b832bdc2936df7a) Importer(815301076,1909f56bfc062723c751e8b465ee728b)
Start importing Assets/Scripts/Mechanics/CowController.cs using Guid(166af4b100b445e47b832bdc2936df7a) Importer(815301076,1909f56bfc062723c751e8b465ee728b)  -> (artifact id: 'e253a05b308ed30c51748813ac77f541') in 0.003060 seconds 
========================================================================
Received Import Request.
  Time since last request: 19.741191 seconds.
  path: Assets/Scripts/Mechanics/CowController.cs
  artifactKey: Guid(166af4b100b445e47b832bdc2936df7a) Importer(815301076,1909f56bfc062723c751e8b465ee728b)
Start importing Assets/Scripts/Mechanics/CowController.cs using Guid(166af4b100b445e47b832bdc2936df7a) Importer(815301076,1909f56bfc062723c751e8b465ee728b)  -> (artifact id: '20b6b30c4717ebeb8f74cf0480eec8f5') in 0.001412 seconds 
========================================================================
Received Prepare
Registering precompiled user dll's ...
Registered in 0.003562 seconds.
Begin MonoManager ReloadAssembly
Symbol file LoadedFromMemory doesn't match image C:\Users\coppe\Documents\GitHub\PixelParadise\Library\PackageCache\com.unity.visualscripting@1.7.8\Editor\VisualScripting.Core\Dependencies\YamlDotNet\Unity.VisualScripting.YamlDotNet.dll
Symbol file LoadedFromMemory doesn't match image C:\Users\coppe\Documents\GitHub\PixelParadise\Library\PackageCache\com.unity.visualscripting@1.7.8\Editor\VisualScripting.Core\Dependencies\DotNetZip\Unity.VisualScripting.IonicZip.dll
Native extension for WindowsStandalone target not found
Refreshing native plugins compatible for Editor in 0.64 ms, found 1 plugins.
Preloading 0 native plugins for Editor in 0.00 ms.
Mono: successfully reloaded assembly
- Completed reload, in  0.780 seconds
Domain Reload Profiling:
	ReloadAssembly (780ms)
		BeginReloadAssembly (99ms)
			ExecutionOrderSort (0ms)
			DisableScriptedObjects (3ms)
			BackupInstance (0ms)
			ReleaseScriptingObjects (0ms)
			CreateAndSetChildDomain (31ms)
		EndReloadAssembly (608ms)
			LoadAssemblies (56ms)
			RebuildTransferFunctionScriptingTraits (0ms)
			SetupTypeCache (187ms)
			ReleaseScriptCaches (2ms)
			RebuildScriptCaches (41ms)
			SetupLoadedEditorAssemblies (282ms)
				LogAssemblyErrors (0ms)
				InitializePlatformSupportModulesInManaged (8ms)
				SetLoadedEditorAssemblies (0ms)
				RefreshPlugins (1ms)
				BeforeProcessingInitializeOnLoad (59ms)
				ProcessInitializeOnLoadAttributes (160ms)
				ProcessInitializeOnLoadMethodAttributes (50ms)
				AfterProcessingInitializeOnLoad (3ms)
				EditorAssembliesLoaded (0ms)
			ExecutionOrderSort2 (0ms)
			AwakeInstancesAfterBackupRestoration (8ms)
Platform modules already initialized, skipping
Refreshing native plugins compatible for Editor in 1.00 ms, found 1 plugins.
Preloading 0 native plugins for Editor in 0.00 ms.
Unloading 4792 Unused Serialized files (Serialized files now loaded: 0)
Unloading 33 unused Assets / (1.2 MB). Loaded Objects now: 5390.
Memory consumption went from 194.8 MB to 193.6 MB.
Total: 2.690200 ms (FindLiveObjects: 0.304000 ms CreateObjectMapping: 0.122800 ms MarkObjects: 1.925100 ms  DeleteObjects: 0.337700 ms)

AssetImportParameters requested are different than current active one (requested -> active):
  custom:video-decoder-ogg-theora: a1e56fd34408186e4bbccfd4996cb3dc -> 
  custom:container-muxer-webm: aa71ff27fc2769a1b78a27578f13a17b -> 
  custom:container-demuxer-webm: 4f35f7cbe854078d1ac9338744f61a02 -> 
  custom:video-encoder-webm-vp8: eb34c28f22e8b96e1ab97ce403110664 -> 
  custom:audio-encoder-webm-vorbis: bf7c407c2cedff20999df2af8eb42d56 -> 
  custom:framework-win-MediaFoundation: 216162199b28c13a410421893ffa2e32 -> 
  custom:container-demuxer-ogg: 62fdf1f143b41e24485cea50d1cbac27 -> 
  custom:video-decoder-webm-vp8: 9c59270c3fd7afecdb556c50c9e8de78 -> 
  custom:audio-decoder-ogg-vorbis: bf7c407c2cedff20999df2af8eb42d56 -> 
========================================================================
Received Prepare
Registering precompiled user dll's ...
Registered in 0.005145 seconds.
Begin MonoManager ReloadAssembly
Symbol file LoadedFromMemory doesn't match image C:\Users\coppe\Documents\GitHub\PixelParadise\Library\PackageCache\com.unity.visualscripting@1.7.8\Editor\VisualScripting.Core\Dependencies\YamlDotNet\Unity.VisualScripting.YamlDotNet.dll
Symbol file LoadedFromMemory doesn't match image C:\Users\coppe\Documents\GitHub\PixelParadise\Library\PackageCache\com.unity.visualscripting@1.7.8\Editor\VisualScripting.Core\Dependencies\DotNetZip\Unity.VisualScripting.IonicZip.dll
Native extension for WindowsStandalone target not found
Refreshing native plugins compatible for Editor in 0.50 ms, found 1 plugins.
Preloading 0 native plugins for Editor in 0.00 ms.
Mono: successfully reloaded assembly
- Completed reload, in  0.816 seconds
Domain Reload Profiling:
	ReloadAssembly (817ms)
		BeginReloadAssembly (96ms)
			ExecutionOrderSort (0ms)
			DisableScriptedObjects (3ms)
			BackupInstance (0ms)
			ReleaseScriptingObjects (0ms)
			CreateAndSetChildDomain (31ms)
		EndReloadAssembly (650ms)
			LoadAssemblies (57ms)
			RebuildTransferFunctionScriptingTraits (0ms)
			SetupTypeCache (206ms)
			ReleaseScriptCaches (1ms)
			RebuildScriptCaches (33ms)
			SetupLoadedEditorAssemblies (314ms)
				LogAssemblyErrors (0ms)
				InitializePlatformSupportModulesInManaged (9ms)
				SetLoadedEditorAssemblies (0ms)
				RefreshPlugins (1ms)
				BeforeProcessingInitializeOnLoad (64ms)
				ProcessInitializeOnLoadAttributes (182ms)
				ProcessInitializeOnLoadMethodAttributes (55ms)
				AfterProcessingInitializeOnLoad (4ms)
				EditorAssembliesLoaded (0ms)
			ExecutionOrderSort2 (0ms)
			AwakeInstancesAfterBackupRestoration (6ms)
Platform modules already initialized, skipping
Refreshing native plugins compatible for Editor in 1.42 ms, found 1 plugins.
Preloading 0 native plugins for Editor in 0.00 ms.
Unloading 4792 Unused Serialized files (Serialized files now loaded: 0)
Unloading 33 unused Assets / (1.2 MB). Loaded Objects now: 5405.
Memory consumption went from 194.8 MB to 193.7 MB.
Total: 2.792600 ms (FindLiveObjects: 0.237500 ms CreateObjectMapping: 0.128000 ms MarkObjects: 2.046100 ms  DeleteObjects: 0.379600 ms)

AssetImportParameters requested are different than current active one (requested -> active):
  custom:video-decoder-ogg-theora: a1e56fd34408186e4bbccfd4996cb3dc -> 
  custom:container-muxer-webm: aa71ff27fc2769a1b78a27578f13a17b -> 
  custom:container-demuxer-webm: 4f35f7cbe854078d1ac9338744f61a02 -> 
  custom:video-encoder-webm-vp8: eb34c28f22e8b96e1ab97ce403110664 -> 
  custom:audio-encoder-webm-vorbis: bf7c407c2cedff20999df2af8eb42d56 -> 
  custom:framework-win-MediaFoundation: 216162199b28c13a410421893ffa2e32 -> 
  custom:container-demuxer-ogg: 62fdf1f143b41e24485cea50d1cbac27 -> 
  custom:video-decoder-webm-vp8: 9c59270c3fd7afecdb556c50c9e8de78 -> 
  custom:audio-decoder-ogg-vorbis: bf7c407c2cedff20999df2af8eb42d56 -> 
========================================================================
Received Import Request.
  Time since last request: 88.223703 seconds.
  path: Assets/Prefabs/Button.prefab
  artifactKey: Guid(7177f94ecf0cf1043a4790c439edbad6) Importer(815301076,1909f56bfc062723c751e8b465ee728b)
Start importing Assets/Prefabs/Button.prefab using Guid(7177f94ecf0cf1043a4790c439edbad6) Importer(815301076,1909f56bfc062723c751e8b465ee728b)  -> (artifact id: '88d8719209e6fd1801a7176a142c7e82') in 0.065293 seconds 
========================================================================
Received Import Request.
  Time since last request: 0.000018 seconds.
  path: Assets/Prefabs/Player.prefab
  artifactKey: Guid(7d60c822c3f1b408ea7a00ecdb5e047a) Importer(815301076,1909f56bfc062723c751e8b465ee728b)
Start importing Assets/Prefabs/Player.prefab using Guid(7d60c822c3f1b408ea7a00ecdb5e047a) Importer(815301076,1909f56bfc062723c751e8b465ee728b)  -> (artifact id: 'fffa870a267e490c40165702923d9d33') in 0.188616 seconds 
========================================================================
Received Import Request.
  Time since last request: 0.000035 seconds.
  path: Assets/Prefabs/TilePalette.prefab
  artifactKey: Guid(c02c4165d21a0fd488455befe67d7aac) Importer(815301076,1909f56bfc062723c751e8b465ee728b)
Start importing Assets/Prefabs/TilePalette.prefab using Guid(c02c4165d21a0fd488455befe67d7aac) Importer(815301076,1909f56bfc062723c751e8b465ee728b)  -> (artifact id: '3ade86338f38589a50225cb11bac9ca0') in 0.041596 seconds 
========================================================================
Received Import Request.
  Time since last request: 9.283222 seconds.
  path: Assets/Environment/Sprites/fence.png
  artifactKey: Guid(5923f7e825e7cd44f9ae0017f0f1f139) Importer(815301076,1909f56bfc062723c751e8b465ee728b)
Start importing Assets/Environment/Sprites/fence.png using Guid(5923f7e825e7cd44f9ae0017f0f1f139) Importer(815301076,1909f56bfc062723c751e8b465ee728b)  -> (artifact id: '145a25515fba807f5fe7a08132b7159c') in 0.030210 seconds 
========================================================================
Received Import Request.
  Time since last request: 0.000024 seconds.
  path: Assets/Environment/Sprites/TileFloatingLeftEdge.png
  artifactKey: Guid(cbb2fe4d69e24da4db5d9340b9a78b41) Importer(815301076,1909f56bfc062723c751e8b465ee728b)
Start importing Assets/Environment/Sprites/TileFloatingLeftEdge.png using Guid(cbb2fe4d69e24da4db5d9340b9a78b41) Importer(815301076,1909f56bfc062723c751e8b465ee728b)  -> (artifact id: 'cea51912db75f0b8fa176c2c64f2fa59') in 0.059764 seconds 
========================================================================
Received Import Request.
  Time since last request: 0.000024 seconds.
  path: Assets/Environment/Sprites/ShortBuilding.png
  artifactKey: Guid(d6bb3a4076992b34899422ed2833ca78) Importer(815301076,1909f56bfc062723c751e8b465ee728b)
Start importing Assets/Environment/Sprites/ShortBuilding.png using Guid(d6bb3a4076992b34899422ed2833ca78) Importer(815301076,1909f56bfc062723c751e8b465ee728b)  -> (artifact id: 'e4e56558eacbf4b97bf4810e3a411531') in 0.027031 seconds 
========================================================================
Received Import Request.
  Time since last request: 0.000023 seconds.
  path: Assets/Environment/Sprites/TileGroundTop.png
  artifactKey: Guid(74123a47f787b014e9cc87c75ed7460a) Importer(815301076,1909f56bfc062723c751e8b465ee728b)
Start importing Assets/Environment/Sprites/TileGroundTop.png using Guid(74123a47f787b014e9cc87c75ed7460a) Importer(815301076,1909f56bfc062723c751e8b465ee728b)  -> (artifact id: '1e5affe21dd08a24deab53c97b22863f') in 0.020486 seconds 
========================================================================
Received Import Request.
  Time since last request: 0.000034 seconds.
  path: Assets/Environment/Sprites/mountains.png
  artifactKey: Guid(ae15cd3a7745ebf48a7b644b11834130) Importer(815301076,1909f56bfc062723c751e8b465ee728b)
Start importing Assets/Environment/Sprites/mountains.png using Guid(ae15cd3a7745ebf48a7b644b11834130) Importer(815301076,1909f56bfc062723c751e8b465ee728b)  -> (artifact id: 'd6f0eb3ecf72a8b3a7516f9603162b78') in 0.150032 seconds 
Editor requested this worker to shutdown with reason: Scaling down because of idle timeout
AssetImportWorker is now disconnected from the server
Process exiting
Exiting without the bug reporter. Application will terminate with return code 0