Using pre-set license
Built from '2021.3/staging' branch; Version is '2021.3.0f1 (6eacc8284459) revision 7253192'; Using compiler version '192829333'; Build Type 'Release'
OS: 'Windows 11  (10.0.22000) 64bit Core' Language: 'en' Physical Memory: 32596 MB
BatchMode: 1, IsHumanControllingUs: 0, StartBugReporterOnCrash: 0, Is64bit: 1, IsPro: 1

COMMAND LINE ARGUMENTS:
C:\Program Files\Unity\Hub\Editor\2021.3.0f1\Editor\Unity.exe
-adb2
-batchMode
-noUpm
-name
AssetImportWorker0
-projectPath
C:/Users/coppe/Documents/GitHub/PixelParadise/Pixel Paradise
-logFile
Logs/AssetImportWorker0.log
-srvPort
58405
Successfully changed project path to: C:/Users/coppe/Documents/GitHub/PixelParadise/Pixel Paradise
C:/Users/coppe/Documents/GitHub/PixelParadise/Pixel Paradise
[UnityMemory] Configuration Parameters - Can be set up in boot.config
    "memorysetup-bucket-allocator-granularity=16"
    "memorysetup-bucket-allocator-bucket-count=8"
    "memorysetup-bucket-allocator-block-size=33554432"
    "memorysetup-bucket-allocator-block-count=8"
    "memorysetup-main-allocator-block-size=16777216"
    "memorysetup-thread-allocator-block-size=16777216"
    "memorysetup-gfx-main-allocator-block-size=16777216"
    "memorysetup-gfx-thread-allocator-block-size=16777216"
    "memorysetup-cache-allocator-block-size=4194304"
    "memorysetup-typetree-allocator-block-size=2097152"
    "memorysetup-profiler-bucket-allocator-granularity=16"
    "memorysetup-profiler-bucket-allocator-bucket-count=8"
    "memorysetup-profiler-bucket-allocator-block-size=33554432"
    "memorysetup-profiler-bucket-allocator-block-count=8"
    "memorysetup-profiler-allocator-block-size=16777216"
    "memorysetup-profiler-editor-allocator-block-size=1048576"
    "memorysetup-temp-allocator-size-main=16777216"
    "memorysetup-job-temp-allocator-block-size=2097152"
    "memorysetup-job-temp-allocator-block-size-background=1048576"
    "memorysetup-job-temp-allocator-reduction-small-platforms=262144"
    "memorysetup-temp-allocator-size-background-worker=32768"
    "memorysetup-temp-allocator-size-job-worker=262144"
    "memorysetup-temp-allocator-size-preload-manager=33554432"
    "memorysetup-temp-allocator-size-nav-mesh-worker=65536"
    "memorysetup-temp-allocator-size-audio-worker=65536"
    "memorysetup-temp-allocator-size-cloud-worker=32768"
    "memorysetup-temp-allocator-size-gi-baking-worker=262144"
    "memorysetup-temp-allocator-size-gfx=262144"
Refreshing native plugins compatible for Editor in 93.03 ms, found 3 plugins.
Preloading 0 native plugins for Editor in 0.00 ms.
Initialize engine version: 2021.3.0f1 (6eacc8284459)
[Subsystems] Discovering subsystems at path C:/Program Files/Unity/Hub/Editor/2021.3.0f1/Editor/Data/Resources/UnitySubsystems
[Subsystems] Discovering subsystems at path C:/Users/coppe/Documents/GitHub/PixelParadise/Pixel Paradise/Assets
GfxDevice: creating device client; threaded=0; jobified=0
Direct3D:
    Version:  Direct3D 11.0 [level 11.1]
    Renderer: NVIDIA GeForce RTX 3060 Ti (ID=0x2489)
    Vendor:   NVIDIA
    VRAM:     8050 MB
    Driver:   31.0.15.1659
Initialize mono
Mono path[0] = 'C:/Program Files/Unity/Hub/Editor/2021.3.0f1/Editor/Data/Managed'
Mono path[1] = 'C:/Program Files/Unity/Hub/Editor/2021.3.0f1/Editor/Data/MonoBleedingEdge/lib/mono/unityjit-win32'
Mono config path = 'C:/Program Files/Unity/Hub/Editor/2021.3.0f1/Editor/Data/MonoBleedingEdge/etc'
Using monoOptions --debugger-agent=transport=dt_socket,embedding=1,server=y,suspend=n,address=127.0.0.1:56492
Begin MonoManager ReloadAssembly
Registering precompiled unity dll's ...
Register platform support module: C:/Program Files/Unity/Hub/Editor/2021.3.0f1/Editor/Data/PlaybackEngines/WebGLSupport/UnityEditor.WebGL.Extensions.dll
Register platform support module: C:/Program Files/Unity/Hub/Editor/2021.3.0f1/Editor/Data/PlaybackEngines/WindowsStandaloneSupport/UnityEditor.WindowsStandalone.Extensions.dll
Registered in 0.003042 seconds.
Native extension for WindowsStandalone target not found
Native extension for WebGL target not found
Refreshing native plugins compatible for Editor in 86.75 ms, found 3 plugins.
Preloading 0 native plugins for Editor in 0.00 ms.
Mono: successfully reloaded assembly
- Completed reload, in  0.481 seconds
Domain Reload Profiling:
	ReloadAssembly (482ms)
		BeginReloadAssembly (45ms)
			ExecutionOrderSort (0ms)
			DisableScriptedObjects (0ms)
			BackupInstance (0ms)
			ReleaseScriptingObjects (0ms)
			CreateAndSetChildDomain (0ms)
		EndReloadAssembly (364ms)
			LoadAssemblies (44ms)
			RebuildTransferFunctionScriptingTraits (0ms)
			SetupTypeCache (73ms)
			ReleaseScriptCaches (0ms)
			RebuildScriptCaches (18ms)
			SetupLoadedEditorAssemblies (237ms)
				LogAssemblyErrors (0ms)
				InitializePlatformSupportModulesInManaged (7ms)
				SetLoadedEditorAssemblies (0ms)
				RefreshPlugins (87ms)
				BeforeProcessingInitializeOnLoad (1ms)
				ProcessInitializeOnLoadAttributes (99ms)
				ProcessInitializeOnLoadMethodAttributes (44ms)
				AfterProcessingInitializeOnLoad (0ms)
				EditorAssembliesLoaded (0ms)
			ExecutionOrderSort2 (0ms)
			AwakeInstancesAfterBackupRestoration (0ms)
Platform modules already initialized, skipping
Registering precompiled user dll's ...
Registered in 0.004165 seconds.
Begin MonoManager ReloadAssembly
Symbol file LoadedFromMemory doesn't match image C:\Users\coppe\Documents\GitHub\PixelParadise\Pixel Paradise\Library\PackageCache\com.unity.visualscripting@1.7.6\Editor\VisualScripting.Core\Dependencies\YamlDotNet\Unity.VisualScripting.YamlDotNet.dll
Symbol file LoadedFromMemory is not a mono symbol file
Symbol file LoadedFromMemory doesn't match image C:\Users\coppe\Documents\GitHub\PixelParadise\Pixel Paradise\Library\PackageCache\com.unity.visualscripting@1.7.6\Editor\VisualScripting.Core\Dependencies\DotNetZip\Unity.VisualScripting.IonicZip.dll
Native extension for WindowsStandalone target not found
Native extension for WebGL target not found
Refreshing native plugins compatible for Editor in 89.39 ms, found 3 plugins.
Preloading 0 native plugins for Editor in 0.00 ms.
Mono: successfully reloaded assembly
- Completed reload, in  0.951 seconds
Domain Reload Profiling:
	ReloadAssembly (952ms)
		BeginReloadAssembly (70ms)
			ExecutionOrderSort (0ms)
			DisableScriptedObjects (4ms)
			BackupInstance (0ms)
			ReleaseScriptingObjects (0ms)
			CreateAndSetChildDomain (12ms)
		EndReloadAssembly (796ms)
			LoadAssemblies (63ms)
			RebuildTransferFunctionScriptingTraits (0ms)
			SetupTypeCache (224ms)
			ReleaseScriptCaches (0ms)
			RebuildScriptCaches (45ms)
			SetupLoadedEditorAssemblies (432ms)
				LogAssemblyErrors (0ms)
				InitializePlatformSupportModulesInManaged (3ms)
				SetLoadedEditorAssemblies (0ms)
				RefreshPlugins (89ms)
				BeforeProcessingInitializeOnLoad (79ms)
				ProcessInitializeOnLoadAttributes (201ms)
				ProcessInitializeOnLoadMethodAttributes (54ms)
				AfterProcessingInitializeOnLoad (4ms)
				EditorAssembliesLoaded (0ms)
			ExecutionOrderSort2 (0ms)
			AwakeInstancesAfterBackupRestoration (4ms)
Platform modules already initialized, skipping
========================================================================
Worker process is ready to serve import requests
Launched and connected shader compiler UnityShaderCompiler.exe after 0.02 seconds
Refreshing native plugins compatible for Editor in 0.77 ms, found 3 plugins.
Preloading 0 native plugins for Editor in 0.00 ms.
Unloading 5412 Unused Serialized files (Serialized files now loaded: 0)
Unloading 102 unused Assets / (4.7 MB). Loaded Objects now: 5802.
Memory consumption went from 210.2 MB to 205.5 MB.
Total: 3.657000 ms (FindLiveObjects: 0.319600 ms CreateObjectMapping: 0.175000 ms MarkObjects: 1.936500 ms  DeleteObjects: 1.224100 ms)

AssetImportParameters requested are different than current active one (requested -> active):
  custom:video-decoder-ogg-theora: a1e56fd34408186e4bbccfd4996cb3dc -> 
  custom:container-muxer-webm: aa71ff27fc2769a1b78a27578f13a17b -> 
  custom:container-demuxer-webm: 4f35f7cbe854078d1ac9338744f61a02 -> 
  custom:video-encoder-webm-vp8: eb34c28f22e8b96e1ab97ce403110664 -> 
  custom:audio-encoder-webm-vorbis: bf7c407c2cedff20999df2af8eb42d56 -> 
  custom:framework-win-MediaFoundation: 216162199b28c13a410421893ffa2e32 -> 
  custom:container-demuxer-ogg: 62fdf1f143b41e24485cea50d1cbac27 -> 
  custom:video-decoder-webm-vp8: 9c59270c3fd7afecdb556c50c9e8de78 -> 
  custom:audio-decoder-ogg-vorbis: bf7c407c2cedff20999df2af8eb42d56 -> 
========================================================================
Received Import Request.
  Time since last request: 7761.676828 seconds.
  path: Assets/Character/Sprites/CowIdle@100.png
  artifactKey: Guid(b2539ef88fc2d054d9c8153b0c2af670) Importer(815301076,1909f56bfc062723c751e8b465ee728b)
Start importing Assets/Character/Sprites/CowIdle@100.png using Guid(b2539ef88fc2d054d9c8153b0c2af670) Importer(815301076,1909f56bfc062723c751e8b465ee728b)  -> (artifact id: '56d2f2c420ef2e5e86bfbdacac6ee386') in 0.105484 seconds 
========================================================================
Received Import Request.
  Time since last request: 5.821243 seconds.
  path: Assets/Character/Sprites/CowIdle@100.png
  artifactKey: Guid(b2539ef88fc2d054d9c8153b0c2af670) Importer(815301076,1909f56bfc062723c751e8b465ee728b)
Start importing Assets/Character/Sprites/CowIdle@100.png using Guid(b2539ef88fc2d054d9c8153b0c2af670) Importer(815301076,1909f56bfc062723c751e8b465ee728b)  -> (artifact id: '7c68b4cf004030f411929f3e8c517f3d') in 0.016719 seconds 
========================================================================
Received Import Request.
  Time since last request: 104.936675 seconds.
  path: Assets/Character/Sprites/CowIdle@100.png
  artifactKey: Guid(b2539ef88fc2d054d9c8153b0c2af670) Importer(815301076,1909f56bfc062723c751e8b465ee728b)
Start importing Assets/Character/Sprites/CowIdle@100.png using Guid(b2539ef88fc2d054d9c8153b0c2af670) Importer(815301076,1909f56bfc062723c751e8b465ee728b)  -> (artifact id: '3bb867749e76d15a2014c64d3c9ad9c8') in 0.067062 seconds 
========================================================================
Received Import Request.
  Time since last request: 50.587189 seconds.
  path: Assets/Character/Sprites/CowIdle.png
  artifactKey: Guid(b2539ef88fc2d054d9c8153b0c2af670) Importer(815301076,1909f56bfc062723c751e8b465ee728b)
Start importing Assets/Character/Sprites/CowIdle.png using Guid(b2539ef88fc2d054d9c8153b0c2af670) Importer(815301076,1909f56bfc062723c751e8b465ee728b)  -> (artifact id: '76b752d4fe456880e01ca0f53f8e9098') in 0.081874 seconds 
========================================================================
Received Import Request.
  Time since last request: 38.363965 seconds.
  path: Assets/Character/Sprites/CowIdle@100.png
  artifactKey: Guid(9647c1b979ad8744d8d37e915e5e260a) Importer(815301076,1909f56bfc062723c751e8b465ee728b)
Start importing Assets/Character/Sprites/CowIdle@100.png using Guid(9647c1b979ad8744d8d37e915e5e260a) Importer(815301076,1909f56bfc062723c751e8b465ee728b)  -> (artifact id: '52fa26674b963637838176eb2852144c') in 0.040016 seconds 
========================================================================
Received Import Request.
  Time since last request: 5.499151 seconds.
  path: Assets/Character/Sprites/CowIdle.png
  artifactKey: Guid(9647c1b979ad8744d8d37e915e5e260a) Importer(815301076,1909f56bfc062723c751e8b465ee728b)
Start importing Assets/Character/Sprites/CowIdle.png using Guid(9647c1b979ad8744d8d37e915e5e260a) Importer(815301076,1909f56bfc062723c751e8b465ee728b)  -> (artifact id: '3dfd690a4a6bdb241fecf5b4707d0307') in 0.060123 seconds 
========================================================================
Received Import Request.
  Time since last request: 7.092424 seconds.
  path: Assets/Character/Sprites/CowIdle.png
  artifactKey: Guid(9647c1b979ad8744d8d37e915e5e260a) Importer(815301076,1909f56bfc062723c751e8b465ee728b)
Start importing Assets/Character/Sprites/CowIdle.png using Guid(9647c1b979ad8744d8d37e915e5e260a) Importer(815301076,1909f56bfc062723c751e8b465ee728b)  -> (artifact id: '6a9c6395c9ab10771669253b326b8dc5') in 0.012260 seconds 
========================================================================
Received Import Request.
  Time since last request: 6.882142 seconds.
  path: Assets/Character/Sprites/CowIdle.png
  artifactKey: Guid(9647c1b979ad8744d8d37e915e5e260a) Importer(815301076,1909f56bfc062723c751e8b465ee728b)
Start importing Assets/Character/Sprites/CowIdle.png using Guid(9647c1b979ad8744d8d37e915e5e260a) Importer(815301076,1909f56bfc062723c751e8b465ee728b)  -> (artifact id: '9d2939991d275240801b190a9818d3af') in 0.088997 seconds 
========================================================================
Received Import Request.
  Time since last request: 10.027706 seconds.
  path: Assets/Character/Animations/Cow.controller
  artifactKey: Guid(c48a4ae4ccf6fbe42977105f8742e0bd) Importer(815301076,1909f56bfc062723c751e8b465ee728b)
Start importing Assets/Character/Animations/Cow.controller using Guid(c48a4ae4ccf6fbe42977105f8742e0bd) Importer(815301076,1909f56bfc062723c751e8b465ee728b)  -> (artifact id: '9f3a04ac6f09b91b0671b92e53f2e7e3') in 0.007203 seconds 
========================================================================
Received Import Request.
  Time since last request: 4.339166 seconds.
  path: Assets/Prefabs/Cow.prefab
  artifactKey: Guid(d5c7df0d62a9aa54ea77b37caa578ee1) Importer(815301076,1909f56bfc062723c751e8b465ee728b)
Start importing Assets/Prefabs/Cow.prefab using Guid(d5c7df0d62a9aa54ea77b37caa578ee1) Importer(815301076,1909f56bfc062723c751e8b465ee728b)  -> (artifact id: 'bf5c7b9d140d5c62561011f952d24dad') in 0.010060 seconds 
========================================================================
Received Import Request.
  Time since last request: 5.825264 seconds.
  path: Assets/Mod Assets/Mod Resources/Sprites/Props/Archway.png
  artifactKey: Guid(12a73f1b3e53f3840b64c010d57df085) Importer(815301076,1909f56bfc062723c751e8b465ee728b)
Start importing Assets/Mod Assets/Mod Resources/Sprites/Props/Archway.png using Guid(12a73f1b3e53f3840b64c010d57df085) Importer(815301076,1909f56bfc062723c751e8b465ee728b)  -> (artifact id: 'e4dc2fac042cc0c1a4488b1a52f09ac0') in 0.027220 seconds 
========================================================================
Received Import Request.
  Time since last request: 0.000028 seconds.
  path: Assets/Mod Assets/Environment Sprites Colored/Brown/cloud_brown.png
  artifactKey: Guid(aceab528aad394768a4d9a61af903866) Importer(815301076,1909f56bfc062723c751e8b465ee728b)
Start importing Assets/Mod Assets/Environment Sprites Colored/Brown/cloud_brown.png using Guid(aceab528aad394768a4d9a61af903866) Importer(815301076,1909f56bfc062723c751e8b465ee728b)  -> (artifact id: '2d37eca3d6380b9a47bac0e06f25b31b') in 0.040026 seconds 
========================================================================
Received Import Request.
  Time since last request: 0.000020 seconds.
  path: Assets/Mod Assets/Mod Resources/Sprites/Props/Cactus.png
  artifactKey: Guid(b7ff7f09da7a80a46925316eb5939a98) Importer(815301076,1909f56bfc062723c751e8b465ee728b)
Start importing Assets/Mod Assets/Mod Resources/Sprites/Props/Cactus.png using Guid(b7ff7f09da7a80a46925316eb5939a98) Importer(815301076,1909f56bfc062723c751e8b465ee728b)  -> (artifact id: 'aa698273bf19acbd46ff2ecca35899c5') in 0.032108 seconds 
========================================================================
Received Import Request.
  Time since last request: 0.000020 seconds.
  path: Assets/Mod Assets/Mod Resources/Textures/billboard_2D_basic_mask.png
  artifactKey: Guid(ddff50e8139db4a99976adb5f40c79f0) Importer(815301076,1909f56bfc062723c751e8b465ee728b)
Start importing Assets/Mod Assets/Mod Resources/Textures/billboard_2D_basic_mask.png using Guid(ddff50e8139db4a99976adb5f40c79f0) Importer(815301076,1909f56bfc062723c751e8b465ee728b)  -> (artifact id: 'e4d4cddd1884726348c7be08b7a2b6e6') in 0.023721 seconds 
========================================================================
Received Import Request.
  Time since last request: 0.000023 seconds.
  path: Assets/Mod Assets/Environment Sprites Colored/Gold/cloud_yellow.png
  artifactKey: Guid(2dd0df57bd14741b5a32f78ba307976a) Importer(815301076,1909f56bfc062723c751e8b465ee728b)
Start importing Assets/Mod Assets/Environment Sprites Colored/Gold/cloud_yellow.png using Guid(2dd0df57bd14741b5a32f78ba307976a) Importer(815301076,1909f56bfc062723c751e8b465ee728b)  -> (artifact id: '22eed4f8d8af21c56e6057441926fff3') in 0.015118 seconds 
========================================================================
Received Import Request.
  Time since last request: 0.000029 seconds.
  path: Assets/Mod Assets/Mod Resources/Textures/billboard_2D_tall.png
  artifactKey: Guid(50b2c32ff3de94988a61633cb19060de) Importer(815301076,1909f56bfc062723c751e8b465ee728b)
Start importing Assets/Mod Assets/Mod Resources/Textures/billboard_2D_tall.png using Guid(50b2c32ff3de94988a61633cb19060de) Importer(815301076,1909f56bfc062723c751e8b465ee728b)  -> (artifact id: '1257feb14aec35cc6d3d0c2d5f6b830e') in 0.021176 seconds 
========================================================================
Received Import Request.
  Time since last request: 0.000020 seconds.
  path: Assets/Mod Assets/Mod Resources/Textures/billboard_2D_wide.png
  artifactKey: Guid(3142e986a20354e5c9b3394e5ff7ae12) Importer(815301076,1909f56bfc062723c751e8b465ee728b)
Start importing Assets/Mod Assets/Mod Resources/Textures/billboard_2D_wide.png using Guid(3142e986a20354e5c9b3394e5ff7ae12) Importer(815301076,1909f56bfc062723c751e8b465ee728b)  -> (artifact id: '973443cfdbb272099380c113c62ed224') in 0.022345 seconds 
========================================================================
Received Import Request.
  Time since last request: 0.000016 seconds.
  path: Assets/Mod Assets/Environment Sprites Colored/Teal/cloud_teal.png
  artifactKey: Guid(30efd09d063374386920ef39a98be3a5) Importer(815301076,1909f56bfc062723c751e8b465ee728b)
Start importing Assets/Mod Assets/Environment Sprites Colored/Teal/cloud_teal.png using Guid(30efd09d063374386920ef39a98be3a5) Importer(815301076,1909f56bfc062723c751e8b465ee728b)  -> (artifact id: '102c196f926b59db8809dab81a9cd083') in 0.014801 seconds 
========================================================================
Received Import Request.
  Time since last request: 3.855479 seconds.
  path: Assets/Mod Assets/Mod Resources/Sprites/Props/Crystal.png
  artifactKey: Guid(4818f33f1596dba42819f243b7be0e43) Importer(815301076,1909f56bfc062723c751e8b465ee728b)
Start importing Assets/Mod Assets/Mod Resources/Sprites/Props/Crystal.png using Guid(4818f33f1596dba42819f243b7be0e43) Importer(815301076,1909f56bfc062723c751e8b465ee728b)  -> (artifact id: '41deaf9d46f9a8e941bd9f564e157ba5') in 0.020459 seconds 
========================================================================
Received Import Request.
  Time since last request: 0.000019 seconds.
  path: Assets/Environment/Tiles/house.png
  artifactKey: Guid(8021a483bbfee4494bb11f0cf1bb90bf) Importer(815301076,1909f56bfc062723c751e8b465ee728b)
Start importing Assets/Environment/Tiles/house.png using Guid(8021a483bbfee4494bb11f0cf1bb90bf) Importer(815301076,1909f56bfc062723c751e8b465ee728b)  -> (artifact id: '824bd3f665e151a4cebf18e4ac39eaa8') in 0.033921 seconds 
========================================================================
Received Import Request.
  Time since last request: 0.000016 seconds.
  path: Assets/Mod Assets/Environment Sprites Colored/Teal/MidgroundFiller_teal.png
  artifactKey: Guid(46173b271ce904b2384f6269a23f036e) Importer(815301076,1909f56bfc062723c751e8b465ee728b)
Start importing Assets/Mod Assets/Environment Sprites Colored/Teal/MidgroundFiller_teal.png using Guid(46173b271ce904b2384f6269a23f036e) Importer(815301076,1909f56bfc062723c751e8b465ee728b)  -> (artifact id: 'c785c8325c80d5d5352b2d8c66399c94') in 0.016421 seconds 
========================================================================
Received Import Request.
  Time since last request: 0.000038 seconds.
  path: Assets/Mod Assets/Environment Sprites Colored/Magenta/TileGround_pink.png
  artifactKey: Guid(4ae14e103d8a74610aeae8c0c933829b) Importer(815301076,1909f56bfc062723c751e8b465ee728b)
Start importing Assets/Mod Assets/Environment Sprites Colored/Magenta/TileGround_pink.png using Guid(4ae14e103d8a74610aeae8c0c933829b) Importer(815301076,1909f56bfc062723c751e8b465ee728b)  -> (artifact id: '6aa92a0abfb869933419cb7824ca0a78') in 0.017797 seconds 
========================================================================
Received Import Request.
  Time since last request: 0.000057 seconds.
  path: Assets/Mod Assets/Environment Sprites Colored/Magenta/TileFloatingRightEdge_pink.png
  artifactKey: Guid(96771fad5335d4615b225aedaf2a201f) Importer(815301076,1909f56bfc062723c751e8b465ee728b)
Start importing Assets/Mod Assets/Environment Sprites Colored/Magenta/TileFloatingRightEdge_pink.png using Guid(96771fad5335d4615b225aedaf2a201f) Importer(815301076,1909f56bfc062723c751e8b465ee728b)  -> (artifact id: '8ef502ee07f570de55df66c872675e28') in 0.016734 seconds 
========================================================================
Received Import Request.
  Time since last request: 0.000019 seconds.
  path: Assets/Mod Assets/Environment Sprites Colored/Teal/house_teal.png
  artifactKey: Guid(d27278d86041f401ab6616169e26e41e) Importer(815301076,1909f56bfc062723c751e8b465ee728b)
Start importing Assets/Mod Assets/Environment Sprites Colored/Teal/house_teal.png using Guid(d27278d86041f401ab6616169e26e41e) Importer(815301076,1909f56bfc062723c751e8b465ee728b)  -> (artifact id: 'fa6645d904f433e47a0f3a395cfce33b') in 0.033833 seconds 
========================================================================
Received Import Request.
  Time since last request: 0.000025 seconds.
  path: Assets/Mod Assets/Environment Sprites Colored/Magenta/MidgroundFiller_pink.png
  artifactKey: Guid(0aa71243a17f64fe3b5744d333d15e1c) Importer(815301076,1909f56bfc062723c751e8b465ee728b)
Start importing Assets/Mod Assets/Environment Sprites Colored/Magenta/MidgroundFiller_pink.png using Guid(0aa71243a17f64fe3b5744d333d15e1c) Importer(815301076,1909f56bfc062723c751e8b465ee728b)  -> (artifact id: '63cdc9c81718c4c2cbed13d8e8f43e6c') in 0.015824 seconds 
========================================================================
Received Import Request.
  Time since last request: 0.000019 seconds.
  path: Assets/Mod Assets/Environment Sprites Colored/Teal/midground_teal.png
  artifactKey: Guid(6008cdc603da64bf69c195d4261b33be) Importer(815301076,1909f56bfc062723c751e8b465ee728b)
Start importing Assets/Mod Assets/Environment Sprites Colored/Teal/midground_teal.png using Guid(6008cdc603da64bf69c195d4261b33be) Importer(815301076,1909f56bfc062723c751e8b465ee728b)  -> (artifact id: 'ce8f1481d52d12238352ac2ec80d2382') in 0.045668 seconds 
========================================================================
Received Import Request.
  Time since last request: 0.000018 seconds.
  path: Assets/Mod Assets/Environment Sprites Colored/Magenta/mountains_pink.png
  artifactKey: Guid(59fe7c0d7120f49699d5ea1be5dd9cae) Importer(815301076,1909f56bfc062723c751e8b465ee728b)
Start importing Assets/Mod Assets/Environment Sprites Colored/Magenta/mountains_pink.png using Guid(59fe7c0d7120f49699d5ea1be5dd9cae) Importer(815301076,1909f56bfc062723c751e8b465ee728b)  -> (artifact id: 'daa0acb1876123f5abc4b26fc5c5ee28') in 0.055509 seconds 
========================================================================
Received Import Request.
  Time since last request: 0.000027 seconds.
  path: Assets/Mod Assets/Mod Resources/Sprites/Props/FlowerBush.png
  artifactKey: Guid(08c34382de48b3a4cbaf28f4fc303dda) Importer(815301076,1909f56bfc062723c751e8b465ee728b)
Start importing Assets/Mod Assets/Mod Resources/Sprites/Props/FlowerBush.png using Guid(08c34382de48b3a4cbaf28f4fc303dda) Importer(815301076,1909f56bfc062723c751e8b465ee728b)  -> (artifact id: '4f41fb6d2cae984ac254c15f7f071ab4') in 0.024445 seconds 
========================================================================
Received Import Request.
  Time since last request: 0.000027 seconds.
  path: Assets/Mod Assets/Environment Sprites Colored/Magenta/house_pink.png
  artifactKey: Guid(fb6453d108bac4352b9141f271418199) Importer(815301076,1909f56bfc062723c751e8b465ee728b)
Start importing Assets/Mod Assets/Environment Sprites Colored/Magenta/house_pink.png using Guid(fb6453d108bac4352b9141f271418199) Importer(815301076,1909f56bfc062723c751e8b465ee728b)  -> (artifact id: '7c0f5e567143a5e9ccc2240e91598b04') in 0.030889 seconds 
========================================================================
Received Import Request.
  Time since last request: 0.000019 seconds.
  path: Assets/Environment/Tiles/midground.png
  artifactKey: Guid(dfe8cc17c5361498c90aec6087a4ccc0) Importer(815301076,1909f56bfc062723c751e8b465ee728b)
Start importing Assets/Environment/Tiles/midground.png using Guid(dfe8cc17c5361498c90aec6087a4ccc0) Importer(815301076,1909f56bfc062723c751e8b465ee728b)  -> (artifact id: 'ee5b66601e35b4d06ade4f5a8a6eefef') in 0.034310 seconds 
========================================================================
Received Import Request.
  Time since last request: 0.000024 seconds.
  path: Assets/Mod Assets/Environment Sprites Colored/Gold/TileFloatingRightEdge_yellow.png
  artifactKey: Guid(64a8a5bb0573d4187b0b23d2f26e3fef) Importer(815301076,1909f56bfc062723c751e8b465ee728b)
Start importing Assets/Mod Assets/Environment Sprites Colored/Gold/TileFloatingRightEdge_yellow.png using Guid(64a8a5bb0573d4187b0b23d2f26e3fef) Importer(815301076,1909f56bfc062723c751e8b465ee728b)  -> (artifact id: 'd5c9de44ca382136095528fe43af6d55') in 0.017397 seconds 
========================================================================
Received Import Request.
  Time since last request: 0.000019 seconds.
  path: Assets/Mod Assets/Environment Sprites Colored/Gold/TileFloatingMiddle_yellow.png
  artifactKey: Guid(d9cff7e11cbfa4b07a36c8b319414af3) Importer(815301076,1909f56bfc062723c751e8b465ee728b)
Start importing Assets/Mod Assets/Environment Sprites Colored/Gold/TileFloatingMiddle_yellow.png using Guid(d9cff7e11cbfa4b07a36c8b319414af3) Importer(815301076,1909f56bfc062723c751e8b465ee728b)  -> (artifact id: 'de1cf19afb5622dfc92aa15aed8a2e11') in 0.012955 seconds 
========================================================================
Received Import Request.
  Time since last request: 0.000017 seconds.
  path: Assets/Mod Assets/Environment Sprites Colored/Magenta/hillside_pink.png
  artifactKey: Guid(8c5960356574a4430bc416af3953f026) Importer(815301076,1909f56bfc062723c751e8b465ee728b)
Start importing Assets/Mod Assets/Environment Sprites Colored/Magenta/hillside_pink.png using Guid(8c5960356574a4430bc416af3953f026) Importer(815301076,1909f56bfc062723c751e8b465ee728b)  -> (artifact id: '1ae30c0b300c501399903ba84787c652') in 0.022945 seconds 
========================================================================
Received Import Request.
  Time since last request: 0.000039 seconds.
  path: Assets/Mod Assets/Environment Sprites Colored/Brown/mountains_brown.png
  artifactKey: Guid(34724a97ee23b4fb6982962e3ba84831) Importer(815301076,1909f56bfc062723c751e8b465ee728b)
Start importing Assets/Mod Assets/Environment Sprites Colored/Brown/mountains_brown.png using Guid(34724a97ee23b4fb6982962e3ba84831) Importer(815301076,1909f56bfc062723c751e8b465ee728b)  -> (artifact id: '029bffa80795005726e9a022f21f8f87') in 0.049176 seconds 
Editor requested this worker to shutdown with reason: Scaling down because of idle timeout
AssetImportWorker is now disconnected from the server
Process exiting
Exiting without the bug reporter. Application will terminate with return code 0