Using pre-set license
Built from '2021.3/staging' branch; Version is '2021.3.0f1 (6eacc8284459) revision 7253192'; Using compiler version '192829333'; Build Type 'Release'
OS: 'Windows 11  (10.0.22000) 64bit Core' Language: 'en' Physical Memory: 32596 MB
BatchMode: 1, IsHumanControllingUs: 0, StartBugReporterOnCrash: 0, Is64bit: 1, IsPro: 1

COMMAND LINE ARGUMENTS:
C:\Program Files\Unity\Hub\Editor\2021.3.0f1\Editor\Unity.exe
-adb2
-batchMode
-noUpm
-name
AssetImportWorker4
-projectPath
C:/Users/coppe/Documents/GitHub/PixelParadise/Pixel Paradise
-logFile
Logs/AssetImportWorker4.log
-srvPort
62386
Successfully changed project path to: C:/Users/coppe/Documents/GitHub/PixelParadise/Pixel Paradise
C:/Users/coppe/Documents/GitHub/PixelParadise/Pixel Paradise
[UnityMemory] Configuration Parameters - Can be set up in boot.config
    "memorysetup-bucket-allocator-granularity=16"
    "memorysetup-bucket-allocator-bucket-count=8"
    "memorysetup-bucket-allocator-block-size=33554432"
    "memorysetup-bucket-allocator-block-count=8"
    "memorysetup-main-allocator-block-size=16777216"
    "memorysetup-thread-allocator-block-size=16777216"
    "memorysetup-gfx-main-allocator-block-size=16777216"
    "memorysetup-gfx-thread-allocator-block-size=16777216"
    "memorysetup-cache-allocator-block-size=4194304"
    "memorysetup-typetree-allocator-block-size=2097152"
    "memorysetup-profiler-bucket-allocator-granularity=16"
    "memorysetup-profiler-bucket-allocator-bucket-count=8"
    "memorysetup-profiler-bucket-allocator-block-size=33554432"
    "memorysetup-profiler-bucket-allocator-block-count=8"
    "memorysetup-profiler-allocator-block-size=16777216"
    "memorysetup-profiler-editor-allocator-block-size=1048576"
    "memorysetup-temp-allocator-size-main=16777216"
    "memorysetup-job-temp-allocator-block-size=2097152"
    "memorysetup-job-temp-allocator-block-size-background=1048576"
    "memorysetup-job-temp-allocator-reduction-small-platforms=262144"
    "memorysetup-temp-allocator-size-background-worker=32768"
    "memorysetup-temp-allocator-size-job-worker=262144"
    "memorysetup-temp-allocator-size-preload-manager=33554432"
    "memorysetup-temp-allocator-size-nav-mesh-worker=65536"
    "memorysetup-temp-allocator-size-audio-worker=65536"
    "memorysetup-temp-allocator-size-cloud-worker=32768"
    "memorysetup-temp-allocator-size-gi-baking-worker=262144"
    "memorysetup-temp-allocator-size-gfx=262144"
Refreshing native plugins compatible for Editor in 104.85 ms, found 3 plugins.
Preloading 0 native plugins for Editor in 0.00 ms.
Initialize engine version: 2021.3.0f1 (6eacc8284459)
[Subsystems] Discovering subsystems at path C:/Program Files/Unity/Hub/Editor/2021.3.0f1/Editor/Data/Resources/UnitySubsystems
[Subsystems] Discovering subsystems at path C:/Users/coppe/Documents/GitHub/PixelParadise/Pixel Paradise/Assets
GfxDevice: creating device client; threaded=0; jobified=0
Direct3D:
    Version:  Direct3D 11.0 [level 11.1]
    Renderer: NVIDIA GeForce RTX 3060 Ti (ID=0x2489)
    Vendor:   NVIDIA
    VRAM:     8050 MB
    Driver:   31.0.15.1659
Initialize mono
Mono path[0] = 'C:/Program Files/Unity/Hub/Editor/2021.3.0f1/Editor/Data/Managed'
Mono path[1] = 'C:/Program Files/Unity/Hub/Editor/2021.3.0f1/Editor/Data/MonoBleedingEdge/lib/mono/unityjit-win32'
Mono config path = 'C:/Program Files/Unity/Hub/Editor/2021.3.0f1/Editor/Data/MonoBleedingEdge/etc'
Using monoOptions --debugger-agent=transport=dt_socket,embedding=1,server=y,suspend=n,address=127.0.0.1:56140
Begin MonoManager ReloadAssembly
Registering precompiled unity dll's ...
Register platform support module: C:/Program Files/Unity/Hub/Editor/2021.3.0f1/Editor/Data/PlaybackEngines/WebGLSupport/UnityEditor.WebGL.Extensions.dll
Register platform support module: C:/Program Files/Unity/Hub/Editor/2021.3.0f1/Editor/Data/PlaybackEngines/WindowsStandaloneSupport/UnityEditor.WindowsStandalone.Extensions.dll
Registered in 0.004757 seconds.
Native extension for WindowsStandalone target not found
Native extension for WebGL target not found
Refreshing native plugins compatible for Editor in 88.72 ms, found 3 plugins.
Preloading 0 native plugins for Editor in 0.00 ms.
Mono: successfully reloaded assembly
- Completed reload, in  0.516 seconds
Domain Reload Profiling:
	ReloadAssembly (517ms)
		BeginReloadAssembly (51ms)
			ExecutionOrderSort (0ms)
			DisableScriptedObjects (0ms)
			BackupInstance (0ms)
			ReleaseScriptingObjects (0ms)
			CreateAndSetChildDomain (1ms)
		EndReloadAssembly (365ms)
			LoadAssemblies (50ms)
			RebuildTransferFunctionScriptingTraits (0ms)
			SetupTypeCache (75ms)
			ReleaseScriptCaches (0ms)
			RebuildScriptCaches (20ms)
			SetupLoadedEditorAssemblies (230ms)
				LogAssemblyErrors (0ms)
				InitializePlatformSupportModulesInManaged (6ms)
				SetLoadedEditorAssemblies (0ms)
				RefreshPlugins (89ms)
				BeforeProcessingInitializeOnLoad (1ms)
				ProcessInitializeOnLoadAttributes (97ms)
				ProcessInitializeOnLoadMethodAttributes (37ms)
				AfterProcessingInitializeOnLoad (0ms)
				EditorAssembliesLoaded (0ms)
			ExecutionOrderSort2 (0ms)
			AwakeInstancesAfterBackupRestoration (0ms)
Platform modules already initialized, skipping
Registering precompiled user dll's ...
Registered in 0.004285 seconds.
Begin MonoManager ReloadAssembly
Symbol file LoadedFromMemory doesn't match image C:\Users\coppe\Documents\GitHub\PixelParadise\Pixel Paradise\Library\PackageCache\com.unity.visualscripting@1.7.6\Editor\VisualScripting.Core\Dependencies\YamlDotNet\Unity.VisualScripting.YamlDotNet.dll
Symbol file LoadedFromMemory is not a mono symbol file
Symbol file LoadedFromMemory doesn't match image C:\Users\coppe\Documents\GitHub\PixelParadise\Pixel Paradise\Library\PackageCache\com.unity.visualscripting@1.7.6\Editor\VisualScripting.Core\Dependencies\DotNetZip\Unity.VisualScripting.IonicZip.dll
Native extension for WindowsStandalone target not found
Native extension for WebGL target not found
Refreshing native plugins compatible for Editor in 93.55 ms, found 3 plugins.
Preloading 0 native plugins for Editor in 0.00 ms.
Mono: successfully reloaded assembly
- Completed reload, in  0.980 seconds
Domain Reload Profiling:
	ReloadAssembly (980ms)
		BeginReloadAssembly (72ms)
			ExecutionOrderSort (0ms)
			DisableScriptedObjects (4ms)
			BackupInstance (0ms)
			ReleaseScriptingObjects (0ms)
			CreateAndSetChildDomain (13ms)
		EndReloadAssembly (826ms)
			LoadAssemblies (67ms)
			RebuildTransferFunctionScriptingTraits (0ms)
			SetupTypeCache (228ms)
			ReleaseScriptCaches (0ms)
			RebuildScriptCaches (47ms)
			SetupLoadedEditorAssemblies (453ms)
				LogAssemblyErrors (0ms)
				InitializePlatformSupportModulesInManaged (3ms)
				SetLoadedEditorAssemblies (0ms)
				RefreshPlugins (94ms)
				BeforeProcessingInitializeOnLoad (80ms)
				ProcessInitializeOnLoadAttributes (212ms)
				ProcessInitializeOnLoadMethodAttributes (58ms)
				AfterProcessingInitializeOnLoad (5ms)
				EditorAssembliesLoaded (0ms)
			ExecutionOrderSort2 (0ms)
			AwakeInstancesAfterBackupRestoration (4ms)
Platform modules already initialized, skipping
========================================================================
Worker process is ready to serve import requests
Launched and connected shader compiler UnityShaderCompiler.exe after 0.02 seconds
Refreshing native plugins compatible for Editor in 0.62 ms, found 3 plugins.
Preloading 0 native plugins for Editor in 0.00 ms.
Unloading 5374 Unused Serialized files (Serialized files now loaded: 0)
Unloading 102 unused Assets / (4.7 MB). Loaded Objects now: 5764.
Memory consumption went from 209.1 MB to 204.3 MB.
Total: 3.995000 ms (FindLiveObjects: 0.339000 ms CreateObjectMapping: 0.196400 ms MarkObjects: 2.245800 ms  DeleteObjects: 1.213100 ms)

AssetImportParameters requested are different than current active one (requested -> active):
  custom:video-decoder-ogg-theora: a1e56fd34408186e4bbccfd4996cb3dc -> 
  custom:container-muxer-webm: aa71ff27fc2769a1b78a27578f13a17b -> 
  custom:container-demuxer-webm: 4f35f7cbe854078d1ac9338744f61a02 -> 
  custom:video-encoder-webm-vp8: eb34c28f22e8b96e1ab97ce403110664 -> 
  custom:audio-encoder-webm-vorbis: bf7c407c2cedff20999df2af8eb42d56 -> 
  custom:framework-win-MediaFoundation: 216162199b28c13a410421893ffa2e32 -> 
  custom:container-demuxer-ogg: 62fdf1f143b41e24485cea50d1cbac27 -> 
  custom:video-decoder-webm-vp8: 9c59270c3fd7afecdb556c50c9e8de78 -> 
  custom:audio-decoder-ogg-vorbis: bf7c407c2cedff20999df2af8eb42d56 -> 
========================================================================
Received Import Request.
  Time since last request: 2210.141452 seconds.
  path: Assets/Character/Sprites
  artifactKey: Guid(26e1290bf68e24d2badc30e195da5465) Importer(815301076,1909f56bfc062723c751e8b465ee728b)
Start importing Assets/Character/Sprites using Guid(26e1290bf68e24d2badc30e195da5465) Importer(815301076,1909f56bfc062723c751e8b465ee728b)  -> (artifact id: 'ea706ef0b38a19ccfb61863038a549c6') in 0.010289 seconds 
========================================================================
Received Import Request.
  Time since last request: 8.263654 seconds.
  path: Assets/Character/Sprites/Cow_Sprite_Sheet.png
  artifactKey: Guid(1ebcff73f9c697d4bbfcd79d945ac783) Importer(815301076,1909f56bfc062723c751e8b465ee728b)
Start importing Assets/Character/Sprites/Cow_Sprite_Sheet.png using Guid(1ebcff73f9c697d4bbfcd79d945ac783) Importer(815301076,1909f56bfc062723c751e8b465ee728b)  -> (artifact id: '204c2df8c321ebfb7504ea788ef0fe63') in 0.076513 seconds 
========================================================================
Received Import Request.
  Time since last request: 17.835911 seconds.
  path: Assets/Character/Sprites/CowIdle.png
  artifactKey: Guid(1ebcff73f9c697d4bbfcd79d945ac783) Importer(815301076,1909f56bfc062723c751e8b465ee728b)
Start importing Assets/Character/Sprites/CowIdle.png using Guid(1ebcff73f9c697d4bbfcd79d945ac783) Importer(815301076,1909f56bfc062723c751e8b465ee728b)  -> (artifact id: '267b6154a516224b9ef959459d33b081') in 0.023385 seconds 
========================================================================
Received Import Request.
  Time since last request: 28.547049 seconds.
  path: Assets/Character/Sprites/CowIdle.png
  artifactKey: Guid(1ebcff73f9c697d4bbfcd79d945ac783) Importer(815301076,1909f56bfc062723c751e8b465ee728b)
Start importing Assets/Character/Sprites/CowIdle.png using Guid(1ebcff73f9c697d4bbfcd79d945ac783) Importer(815301076,1909f56bfc062723c751e8b465ee728b)  -> (artifact id: 'c7ecab7279d08707899e80b84cd0d1e5') in 0.008389 seconds 
========================================================================
Received Prepare
Registering precompiled user dll's ...
Registered in 0.004065 seconds.
Begin MonoManager ReloadAssembly
Symbol file LoadedFromMemory doesn't match image C:\Users\coppe\Documents\GitHub\PixelParadise\Pixel Paradise\Library\PackageCache\com.unity.visualscripting@1.7.6\Editor\VisualScripting.Core\Dependencies\YamlDotNet\Unity.VisualScripting.YamlDotNet.dll
Symbol file LoadedFromMemory is not a mono symbol file
Symbol file LoadedFromMemory doesn't match image C:\Users\coppe\Documents\GitHub\PixelParadise\Pixel Paradise\Library\PackageCache\com.unity.visualscripting@1.7.6\Editor\VisualScripting.Core\Dependencies\DotNetZip\Unity.VisualScripting.IonicZip.dll
Native extension for WindowsStandalone target not found
Native extension for WebGL target not found
Refreshing native plugins compatible for Editor in 0.61 ms, found 3 plugins.
Preloading 0 native plugins for Editor in 0.00 ms.
Mono: successfully reloaded assembly
- Completed reload, in  0.869 seconds
Domain Reload Profiling:
	ReloadAssembly (869ms)
		BeginReloadAssembly (93ms)
			ExecutionOrderSort (0ms)
			DisableScriptedObjects (3ms)
			BackupInstance (0ms)
			ReleaseScriptingObjects (0ms)
			CreateAndSetChildDomain (28ms)
		EndReloadAssembly (705ms)
			LoadAssemblies (63ms)
			RebuildTransferFunctionScriptingTraits (0ms)
			SetupTypeCache (222ms)
			ReleaseScriptCaches (2ms)
			RebuildScriptCaches (35ms)
			SetupLoadedEditorAssemblies (348ms)
				LogAssemblyErrors (0ms)
				InitializePlatformSupportModulesInManaged (8ms)
				SetLoadedEditorAssemblies (0ms)
				RefreshPlugins (1ms)
				BeforeProcessingInitializeOnLoad (74ms)
				ProcessInitializeOnLoadAttributes (209ms)
				ProcessInitializeOnLoadMethodAttributes (53ms)
				AfterProcessingInitializeOnLoad (4ms)
				EditorAssembliesLoaded (0ms)
			ExecutionOrderSort2 (0ms)
			AwakeInstancesAfterBackupRestoration (5ms)
Platform modules already initialized, skipping
Refreshing native plugins compatible for Editor in 1.71 ms, found 3 plugins.
Preloading 0 native plugins for Editor in 0.00 ms.
Unloading 5331 Unused Serialized files (Serialized files now loaded: 0)
Unloading 83 unused Assets / (4.7 MB). Loaded Objects now: 5822.
Memory consumption went from 211.8 MB to 207.1 MB.
Total: 4.157900 ms (FindLiveObjects: 0.282000 ms CreateObjectMapping: 0.172800 ms MarkObjects: 2.271900 ms  DeleteObjects: 1.430200 ms)

AssetImportParameters requested are different than current active one (requested -> active):
  custom:video-decoder-ogg-theora: a1e56fd34408186e4bbccfd4996cb3dc -> 
  custom:container-muxer-webm: aa71ff27fc2769a1b78a27578f13a17b -> 
  custom:container-demuxer-webm: 4f35f7cbe854078d1ac9338744f61a02 -> 
  custom:video-encoder-webm-vp8: eb34c28f22e8b96e1ab97ce403110664 -> 
  custom:audio-encoder-webm-vorbis: bf7c407c2cedff20999df2af8eb42d56 -> 
  custom:framework-win-MediaFoundation: 216162199b28c13a410421893ffa2e32 -> 
  custom:container-demuxer-ogg: 62fdf1f143b41e24485cea50d1cbac27 -> 
  custom:video-decoder-webm-vp8: 9c59270c3fd7afecdb556c50c9e8de78 -> 
  custom:audio-decoder-ogg-vorbis: bf7c407c2cedff20999df2af8eb42d56 -> 
========================================================================
Received Import Request.
  Time since last request: 160.717661 seconds.
  path: Assets/Character/Sprites/CowIdle.png
  artifactKey: Guid(1ebcff73f9c697d4bbfcd79d945ac783) Importer(815301076,1909f56bfc062723c751e8b465ee728b)
Start importing Assets/Character/Sprites/CowIdle.png using Guid(1ebcff73f9c697d4bbfcd79d945ac783) Importer(815301076,1909f56bfc062723c751e8b465ee728b)  -> (artifact id: 'aa50491c23a9c28763eb7ee1138fef0b') in 0.066782 seconds 
========================================================================
Received Import Request.
  Time since last request: 94.160671 seconds.
  path: Assets/Character/Sprites/CowIdle.png
  artifactKey: Guid(1ebcff73f9c697d4bbfcd79d945ac783) Importer(815301076,1909f56bfc062723c751e8b465ee728b)
Start importing Assets/Character/Sprites/CowIdle.png using Guid(1ebcff73f9c697d4bbfcd79d945ac783) Importer(815301076,1909f56bfc062723c751e8b465ee728b)  -> (artifact id: '9290a9946be8721c73f5058c814f2ff6') in 0.062797 seconds 
========================================================================
Received Import Request.
  Time since last request: 105.173911 seconds.
  path: Assets/Character/Animations/CowIdle.anim
  artifactKey: Guid(81a8b9f9c3e5ce64da2c3f9ecfaf86ce) Importer(815301076,1909f56bfc062723c751e8b465ee728b)
Start importing Assets/Character/Animations/CowIdle.anim using Guid(81a8b9f9c3e5ce64da2c3f9ecfaf86ce) Importer(815301076,1909f56bfc062723c751e8b465ee728b)  -> (artifact id: '63221a2fab86185c44264e55b9b99a68') in 0.005200 seconds 
========================================================================
Received Import Request.
  Time since last request: 4.434910 seconds.
  path: Assets/Character/Animations/PlayerIdle.anim
  artifactKey: Guid(712f4510fc9b249348d4d8e97b12dc45) Importer(815301076,1909f56bfc062723c751e8b465ee728b)
Start importing Assets/Character/Animations/PlayerIdle.anim using Guid(712f4510fc9b249348d4d8e97b12dc45) Importer(815301076,1909f56bfc062723c751e8b465ee728b)  -> (artifact id: '0af50b592eed0d4d32e5545f11547869') in 0.002743 seconds 
========================================================================
Received Import Request.
  Time since last request: 47.927571 seconds.
  path: Assets/Character/Animations/Enemy.controller
  artifactKey: Guid(ed1bbb2dccb7a424a9969f916919f446) Importer(815301076,1909f56bfc062723c751e8b465ee728b)
Start importing Assets/Character/Animations/Enemy.controller using Guid(ed1bbb2dccb7a424a9969f916919f446) Importer(815301076,1909f56bfc062723c751e8b465ee728b)  -> (artifact id: 'a1a49c28df00cd88ed7ef7bb25ae4a06') in 0.008139 seconds 
========================================================================
Received Import Request.
  Time since last request: 18.814034 seconds.
  path: Assets/Character/Animations/Cow.controller
  artifactKey: Guid(597b48352be1167409c5089288df6e00) Importer(815301076,1909f56bfc062723c751e8b465ee728b)
Start importing Assets/Character/Animations/Cow.controller using Guid(597b48352be1167409c5089288df6e00) Importer(815301076,1909f56bfc062723c751e8b465ee728b)  -> (artifact id: 'f5fcd802cad3a03fa93bbf6004d75492') in 0.005883 seconds 
========================================================================
Received Import Request.
  Time since last request: 159.639681 seconds.
  path: Assets/Rendering/PostProcessVolume.asset
  artifactKey: Guid(3015cca3ee7cb4049aa1b45cb14b9bed) Importer(815301076,1909f56bfc062723c751e8b465ee728b)
Start importing Assets/Rendering/PostProcessVolume.asset using Guid(3015cca3ee7cb4049aa1b45cb14b9bed) Importer(815301076,1909f56bfc062723c751e8b465ee728b)  -> (artifact id: '43ca88c7796329fc2a853bebc10cb5de') in 0.011478 seconds 
========================================================================
Received Import Request.
  Time since last request: 0.000018 seconds.
  path: Assets/Rendering/Universal Render Pipeline Asset_Renderer.asset
  artifactKey: Guid(3cd71fba6c9731045991cc8e58e233e4) Importer(815301076,1909f56bfc062723c751e8b465ee728b)
Start importing Assets/Rendering/Universal Render Pipeline Asset_Renderer.asset using Guid(3cd71fba6c9731045991cc8e58e233e4) Importer(815301076,1909f56bfc062723c751e8b465ee728b)  -> (artifact id: 'd1bf6b6613e627a48b1ff536b33f2141') in 0.005939 seconds 
========================================================================
Received Import Request.
  Time since last request: 16.313089 seconds.
  path: Assets/Scripts/Gameplay/PlayerTokenCollision.cs
  artifactKey: Guid(280a2907710a44d77a3ecb703ab792f5) Importer(815301076,1909f56bfc062723c751e8b465ee728b)
Start importing Assets/Scripts/Gameplay/PlayerTokenCollision.cs using Guid(280a2907710a44d77a3ecb703ab792f5) Importer(815301076,1909f56bfc062723c751e8b465ee728b)  -> (artifact id: '7bf1c636c00d6a17a407cdaa3892e166') in 0.011419 seconds 
========================================================================
Received Import Request.
  Time since last request: 3.328634 seconds.
  path: Assets/Scripts/Gameplay/PlayerStopJump.cs
  artifactKey: Guid(f192dfa6aa5634c23ad0160e80332bde) Importer(815301076,1909f56bfc062723c751e8b465ee728b)
Start importing Assets/Scripts/Gameplay/PlayerStopJump.cs using Guid(f192dfa6aa5634c23ad0160e80332bde) Importer(815301076,1909f56bfc062723c751e8b465ee728b)  -> (artifact id: 'ac7a70adab09969fc4520e75b7b8f1d1') in 0.005063 seconds 
========================================================================
Received Import Request.
  Time since last request: 3.568245 seconds.
  path: Assets/Scripts/Gameplay/PlayerSpawn.cs
  artifactKey: Guid(8fc2f862cb18245199adc2074a7f2b4e) Importer(815301076,1909f56bfc062723c751e8b465ee728b)
Start importing Assets/Scripts/Gameplay/PlayerSpawn.cs using Guid(8fc2f862cb18245199adc2074a7f2b4e) Importer(815301076,1909f56bfc062723c751e8b465ee728b)  -> (artifact id: '3e39a1fc09941a75ae31570d51e10923') in 0.001502 seconds 
========================================================================
Received Import Request.
  Time since last request: 3.091518 seconds.
  path: Assets/Scripts/Gameplay/PlayerLanded.cs
  artifactKey: Guid(a408f6e7866fe4789addb32c11b745b7) Importer(815301076,1909f56bfc062723c751e8b465ee728b)
Start importing Assets/Scripts/Gameplay/PlayerLanded.cs using Guid(a408f6e7866fe4789addb32c11b745b7) Importer(815301076,1909f56bfc062723c751e8b465ee728b)  -> (artifact id: 'dd8a85085c1ef69316d33809eaf03b40') in 0.004636 seconds 
========================================================================
Received Import Request.
  Time since last request: 3.574889 seconds.
  path: Assets/Scripts/Gameplay/PlayerJumped.cs
  artifactKey: Guid(d0594447dc056485392cd3234551e60c) Importer(815301076,1909f56bfc062723c751e8b465ee728b)
Start importing Assets/Scripts/Gameplay/PlayerJumped.cs using Guid(d0594447dc056485392cd3234551e60c) Importer(815301076,1909f56bfc062723c751e8b465ee728b)  -> (artifact id: '334ab3f6173a24f76f40c82ea0ef3820') in 0.004067 seconds 
========================================================================
Received Import Request.
  Time since last request: 0.768532 seconds.
  path: Assets/Scripts/Gameplay/PlayerEnteredVictoryZone.cs
  artifactKey: Guid(7f69543bd2f704ed8a7a45ae002f648c) Importer(815301076,1909f56bfc062723c751e8b465ee728b)
Start importing Assets/Scripts/Gameplay/PlayerEnteredVictoryZone.cs using Guid(7f69543bd2f704ed8a7a45ae002f648c) Importer(815301076,1909f56bfc062723c751e8b465ee728b)  -> (artifact id: '4f1763719097c640abd328997300322f') in 0.004255 seconds 
========================================================================
Received Import Request.
  Time since last request: 2.496486 seconds.
  path: Assets/Scripts/Gameplay/PlayerEnteredDeathZone.cs
  artifactKey: Guid(8f16a8f8b0a074a3a957b48df9f6a758) Importer(815301076,1909f56bfc062723c751e8b465ee728b)
Start importing Assets/Scripts/Gameplay/PlayerEnteredDeathZone.cs using Guid(8f16a8f8b0a074a3a957b48df9f6a758) Importer(815301076,1909f56bfc062723c751e8b465ee728b)  -> (artifact id: '0627a1edde5aab29e78b75a216b8f924') in 0.004299 seconds 
========================================================================
Received Import Request.
  Time since last request: 1.895064 seconds.
  path: Assets/Scripts/Gameplay/PlayerEnemyCollision.cs
  artifactKey: Guid(c8dbdd402c7594d3984ae281ba568775) Importer(815301076,1909f56bfc062723c751e8b465ee728b)
Start importing Assets/Scripts/Gameplay/PlayerEnemyCollision.cs using Guid(c8dbdd402c7594d3984ae281ba568775) Importer(815301076,1909f56bfc062723c751e8b465ee728b)  -> (artifact id: 'a9f5dc86101abc3a7899939fd06d5245') in 0.004304 seconds 
========================================================================
Received Import Request.
  Time since last request: 0.460568 seconds.
  path: Assets/Scripts/Gameplay/PlayerDeath.cs
  artifactKey: Guid(b144adbcc33064b868df6d6c17ab5f1a) Importer(815301076,1909f56bfc062723c751e8b465ee728b)
Start importing Assets/Scripts/Gameplay/PlayerDeath.cs using Guid(b144adbcc33064b868df6d6c17ab5f1a) Importer(815301076,1909f56bfc062723c751e8b465ee728b)  -> (artifact id: 'af889e06cfef763a20dbc4cab6e3c6da') in 0.003968 seconds 
========================================================================
Received Import Request.
  Time since last request: 6.589917 seconds.
  path: Assets/Scripts/Gameplay/HealthIsZero.cs
  artifactKey: Guid(292255fa2d1a944a18cc65545b54cbe1) Importer(815301076,1909f56bfc062723c751e8b465ee728b)
Start importing Assets/Scripts/Gameplay/HealthIsZero.cs using Guid(292255fa2d1a944a18cc65545b54cbe1) Importer(815301076,1909f56bfc062723c751e8b465ee728b)  -> (artifact id: 'e1b5bd2f04bbdcb84358dd6940ffc6aa') in 0.004626 seconds 
========================================================================
Received Import Request.
  Time since last request: 9.788161 seconds.
  path: Assets/Scripts/Gameplay/EnemyDeath.cs
  artifactKey: Guid(372c5a0e9ae09479a837b93ab71d1e7a) Importer(815301076,1909f56bfc062723c751e8b465ee728b)
Start importing Assets/Scripts/Gameplay/EnemyDeath.cs using Guid(372c5a0e9ae09479a837b93ab71d1e7a) Importer(815301076,1909f56bfc062723c751e8b465ee728b)  -> (artifact id: 'dea3bec210e7db4611d5f2fe063701b9') in 0.001948 seconds 
========================================================================
Received Import Request.
  Time since last request: 2.302211 seconds.
  path: Assets/Scripts/Gameplay/EnablePlayerInput.cs
  artifactKey: Guid(3a16c824d04cf498f84afeda5341fee7) Importer(815301076,1909f56bfc062723c751e8b465ee728b)
Start importing Assets/Scripts/Gameplay/EnablePlayerInput.cs using Guid(3a16c824d04cf498f84afeda5341fee7) Importer(815301076,1909f56bfc062723c751e8b465ee728b)  -> (artifact id: 'd0c4656367de566b2bf20c44e79981d9') in 0.004946 seconds 
========================================================================
Received Import Request.
  Time since last request: 8.461763 seconds.
  path: Assets/Scripts/Mechanics/AnimationController.cs
  artifactKey: Guid(be4d02721cd9d4baa869d3b890cec48f) Importer(815301076,1909f56bfc062723c751e8b465ee728b)
Start importing Assets/Scripts/Mechanics/AnimationController.cs using Guid(be4d02721cd9d4baa869d3b890cec48f) Importer(815301076,1909f56bfc062723c751e8b465ee728b)  -> (artifact id: '065addaba0912c937af332665de2b955') in 0.004727 seconds 
========================================================================
Received Import Request.
  Time since last request: 13.507379 seconds.
  path: Assets/Scripts/Mechanics/PlayerController.cs
  artifactKey: Guid(709ee11994a2f44658e5fc9887c45081) Importer(815301076,1909f56bfc062723c751e8b465ee728b)
Start importing Assets/Scripts/Mechanics/PlayerController.cs using Guid(709ee11994a2f44658e5fc9887c45081) Importer(815301076,1909f56bfc062723c751e8b465ee728b)  -> (artifact id: '61b48190b69bdbdfe3a2b101b8d7664d') in 0.005080 seconds 
========================================================================
Received Import Request.
  Time since last request: 118.873906 seconds.
  path: Assets/Scripts/Model/PlatformerModel.cs
  artifactKey: Guid(76778dfacd2bc4a1993874eec5ccfe34) Importer(815301076,1909f56bfc062723c751e8b465ee728b)
Start importing Assets/Scripts/Model/PlatformerModel.cs using Guid(76778dfacd2bc4a1993874eec5ccfe34) Importer(815301076,1909f56bfc062723c751e8b465ee728b)  -> (artifact id: '45e64a41dd54440d90d77b0c138da653') in 0.004684 seconds 
========================================================================
Received Import Request.
  Time since last request: 16.608850 seconds.
  path: Assets/Scripts/UI/MainUIController.cs
  artifactKey: Guid(75fa2f9ea4cb54f34aaac731aabe3733) Importer(815301076,1909f56bfc062723c751e8b465ee728b)
Start importing Assets/Scripts/UI/MainUIController.cs using Guid(75fa2f9ea4cb54f34aaac731aabe3733) Importer(815301076,1909f56bfc062723c751e8b465ee728b)  -> (artifact id: '8b01163dd5aa598c3f2d6a93f425d046') in 0.004892 seconds 
========================================================================
Received Import Request.
  Time since last request: 15.941233 seconds.
  path: Assets/Scripts/View/AnimatedTile.cs
  artifactKey: Guid(9df11d2ad44624917bf3586aa9303279) Importer(815301076,1909f56bfc062723c751e8b465ee728b)
Start importing Assets/Scripts/View/AnimatedTile.cs using Guid(9df11d2ad44624917bf3586aa9303279) Importer(815301076,1909f56bfc062723c751e8b465ee728b)  -> (artifact id: '8b56a2b858615281bbf777168149158e') in 0.005463 seconds 
========================================================================
Received Import Request.
  Time since last request: 4.158525 seconds.
  path: Assets/Scripts/View/ParallaxLayer.cs
  artifactKey: Guid(a229c636674274e12bb4f79ddcae0d49) Importer(815301076,1909f56bfc062723c751e8b465ee728b)
Start importing Assets/Scripts/View/ParallaxLayer.cs using Guid(a229c636674274e12bb4f79ddcae0d49) Importer(815301076,1909f56bfc062723c751e8b465ee728b)  -> (artifact id: 'c475a9d51b2ddca381a97382f9bbcbae') in 0.005197 seconds 
========================================================================
Received Import Request.
  Time since last request: 43.896783 seconds.
  path: Assets/Scripts/Mechanics/DeathZone.cs
  artifactKey: Guid(f9473387ae50744bf946308793bd64e9) Importer(815301076,1909f56bfc062723c751e8b465ee728b)
Start importing Assets/Scripts/Mechanics/DeathZone.cs using Guid(f9473387ae50744bf946308793bd64e9) Importer(815301076,1909f56bfc062723c751e8b465ee728b)  -> (artifact id: 'b22b581bce9623b19e924322a7384e73') in 0.005075 seconds 
========================================================================
Received Import Request.
  Time since last request: 13.419273 seconds.
  path: Assets/Prefabs/Button.prefab
  artifactKey: Guid(7177f94ecf0cf1043a4790c439edbad6) Importer(815301076,1909f56bfc062723c751e8b465ee728b)
Start importing Assets/Prefabs/Button.prefab using Guid(7177f94ecf0cf1043a4790c439edbad6) Importer(815301076,1909f56bfc062723c751e8b465ee728b)  -> (artifact id: '236e387216c892ded6e220faea10c53a') in 0.042550 seconds 
========================================================================
Received Import Request.
  Time since last request: 0.000015 seconds.
  path: Assets/Prefabs/Player.prefab
  artifactKey: Guid(7d60c822c3f1b408ea7a00ecdb5e047a) Importer(815301076,1909f56bfc062723c751e8b465ee728b)
Start importing Assets/Prefabs/Player.prefab using Guid(7d60c822c3f1b408ea7a00ecdb5e047a) Importer(815301076,1909f56bfc062723c751e8b465ee728b)  -> (artifact id: '3308176b0fde458f3db8bfebe44389e4') in 0.154782 seconds 
========================================================================
Received Import Request.
  Time since last request: 0.000026 seconds.
  path: Assets/Prefabs/TilePalette.prefab
  artifactKey: Guid(c02c4165d21a0fd488455befe67d7aac) Importer(815301076,1909f56bfc062723c751e8b465ee728b)
Start importing Assets/Prefabs/TilePalette.prefab using Guid(c02c4165d21a0fd488455befe67d7aac) Importer(815301076,1909f56bfc062723c751e8b465ee728b)  -> (artifact id: '6a7a2046edf082868810bc9e3b9c50e7') in 0.027413 seconds 
========================================================================
Received Import Request.
  Time since last request: 40.787875 seconds.
  path: Assets/Audio/Collectable.wav
  artifactKey: Guid(bf527d825758e5b4ca7b69f5a02d9a56) Importer(815301076,1909f56bfc062723c751e8b465ee728b)
Start importing Assets/Audio/Collectable.wav using Guid(bf527d825758e5b4ca7b69f5a02d9a56) Importer(815301076,1909f56bfc062723c751e8b465ee728b)  -> (artifact id: 'ae918c0c95b1a73655dd28b7af3999be') in 0.075763 seconds 
========================================================================
Received Import Request.
  Time since last request: 0.000025 seconds.
  path: Assets/Audio/LandOnGround.wav
  artifactKey: Guid(dd6057fd464f77942a0bf39c54651b32) Importer(815301076,1909f56bfc062723c751e8b465ee728b)
Start importing Assets/Audio/LandOnGround.wav using Guid(dd6057fd464f77942a0bf39c54651b32) Importer(815301076,1909f56bfc062723c751e8b465ee728b)  -> (artifact id: 'aa4841f6ca9713d5ebe476e2b9fa94a2') in 0.009679 seconds 
========================================================================
Received Import Request.
  Time since last request: 0.000032 seconds.
  path: Assets/Audio/Walk02.wav
  artifactKey: Guid(3318e557ea5714340abb5376ce7fb8c6) Importer(815301076,1909f56bfc062723c751e8b465ee728b)
Start importing Assets/Audio/Walk02.wav using Guid(3318e557ea5714340abb5376ce7fb8c6) Importer(815301076,1909f56bfc062723c751e8b465ee728b)  -> (artifact id: '10009624ab8f6825ffee3c2cacc40498') in 0.009594 seconds 
========================================================================
Received Import Request.
  Time since last request: 18.161439 seconds.
  path: Assets/Prefabs
  artifactKey: Guid(401d5e8aa01fa4f34b2ef24a1ebbf5b7) Importer(815301076,1909f56bfc062723c751e8b465ee728b)
Start importing Assets/Prefabs using Guid(401d5e8aa01fa4f34b2ef24a1ebbf5b7) Importer(815301076,1909f56bfc062723c751e8b465ee728b)  -> (artifact id: '39482052a8714bc0b5f52dadbac64024') in 0.004355 seconds 
========================================================================
Received Import Request.
  Time since last request: 8.472641 seconds.
  path: Assets/Prefabs/Cow.prefab
  artifactKey: Guid(d5c7df0d62a9aa54ea77b37caa578ee1) Importer(815301076,1909f56bfc062723c751e8b465ee728b)
Start importing Assets/Prefabs/Cow.prefab using Guid(d5c7df0d62a9aa54ea77b37caa578ee1) Importer(815301076,1909f56bfc062723c751e8b465ee728b)  -> (artifact id: '2b00a580a923f4db88a494b5b69ee8fb') in 0.004674 seconds 
========================================================================
Received Prepare
Registering precompiled user dll's ...
Registered in 0.004054 seconds.
Begin MonoManager ReloadAssembly
Symbol file LoadedFromMemory doesn't match image C:\Users\coppe\Documents\GitHub\PixelParadise\Pixel Paradise\Library\PackageCache\com.unity.visualscripting@1.7.6\Editor\VisualScripting.Core\Dependencies\YamlDotNet\Unity.VisualScripting.YamlDotNet.dll
Symbol file LoadedFromMemory is not a mono symbol file
Symbol file LoadedFromMemory doesn't match image C:\Users\coppe\Documents\GitHub\PixelParadise\Pixel Paradise\Library\PackageCache\com.unity.visualscripting@1.7.6\Editor\VisualScripting.Core\Dependencies\DotNetZip\Unity.VisualScripting.IonicZip.dll
Native extension for WindowsStandalone target not found
Native extension for WebGL target not found
Refreshing native plugins compatible for Editor in 0.68 ms, found 3 plugins.
Preloading 0 native plugins for Editor in 0.00 ms.
Mono: successfully reloaded assembly
- Completed reload, in  0.853 seconds
Domain Reload Profiling:
	ReloadAssembly (853ms)
		BeginReloadAssembly (104ms)
			ExecutionOrderSort (0ms)
			DisableScriptedObjects (5ms)
			BackupInstance (0ms)
			ReleaseScriptingObjects (0ms)
			CreateAndSetChildDomain (35ms)
		EndReloadAssembly (679ms)
			LoadAssemblies (70ms)
			RebuildTransferFunctionScriptingTraits (0ms)
			SetupTypeCache (211ms)
			ReleaseScriptCaches (1ms)
			RebuildScriptCaches (40ms)
			SetupLoadedEditorAssemblies (305ms)
				LogAssemblyErrors (0ms)
				InitializePlatformSupportModulesInManaged (9ms)
				SetLoadedEditorAssemblies (0ms)
				RefreshPlugins (1ms)
				BeforeProcessingInitializeOnLoad (59ms)
				ProcessInitializeOnLoadAttributes (179ms)
				ProcessInitializeOnLoadMethodAttributes (54ms)
				AfterProcessingInitializeOnLoad (3ms)
				EditorAssembliesLoaded (0ms)
			ExecutionOrderSort2 (0ms)
			AwakeInstancesAfterBackupRestoration (8ms)
Platform modules already initialized, skipping
Refreshing native plugins compatible for Editor in 1.40 ms, found 3 plugins.
Preloading 0 native plugins for Editor in 0.00 ms.
Unloading 5339 Unused Serialized files (Serialized files now loaded: 0)
Unloading 77 unused Assets / (4.2 MB). Loaded Objects now: 5905.
Memory consumption went from 215.0 MB to 210.9 MB.
Total: 4.636900 ms (FindLiveObjects: 0.437600 ms CreateObjectMapping: 0.212400 ms MarkObjects: 2.505700 ms  DeleteObjects: 1.480500 ms)

AssetImportParameters requested are different than current active one (requested -> active):
  custom:video-decoder-ogg-theora: a1e56fd34408186e4bbccfd4996cb3dc -> 
  custom:container-muxer-webm: aa71ff27fc2769a1b78a27578f13a17b -> 
  custom:container-demuxer-webm: 4f35f7cbe854078d1ac9338744f61a02 -> 
  custom:video-encoder-webm-vp8: eb34c28f22e8b96e1ab97ce403110664 -> 
  custom:audio-encoder-webm-vorbis: bf7c407c2cedff20999df2af8eb42d56 -> 
  custom:framework-win-MediaFoundation: 216162199b28c13a410421893ffa2e32 -> 
  custom:container-demuxer-ogg: 62fdf1f143b41e24485cea50d1cbac27 -> 
  custom:video-decoder-webm-vp8: 9c59270c3fd7afecdb556c50c9e8de78 -> 
  custom:audio-decoder-ogg-vorbis: bf7c407c2cedff20999df2af8eb42d56 -> 
========================================================================
Received Import Request.
  Time since last request: 125.543312 seconds.
  path: Assets/Scripts/Mechanics/KinematicObject.cs
  artifactKey: Guid(565fbc50999104819abb0f2031ff5ac9) Importer(815301076,1909f56bfc062723c751e8b465ee728b)
Start importing Assets/Scripts/Mechanics/KinematicObject.cs using Guid(565fbc50999104819abb0f2031ff5ac9) Importer(815301076,1909f56bfc062723c751e8b465ee728b)  -> (artifact id: '93c8c9c081de8561bc3ace54c7180d0d') in 0.010827 seconds 
========================================================================
Received Prepare
Registering precompiled user dll's ...
Registered in 0.004078 seconds.
Begin MonoManager ReloadAssembly
Symbol file LoadedFromMemory doesn't match image C:\Users\coppe\Documents\GitHub\PixelParadise\Pixel Paradise\Library\PackageCache\com.unity.visualscripting@1.7.6\Editor\VisualScripting.Core\Dependencies\YamlDotNet\Unity.VisualScripting.YamlDotNet.dll
Symbol file LoadedFromMemory is not a mono symbol file
Symbol file LoadedFromMemory doesn't match image C:\Users\coppe\Documents\GitHub\PixelParadise\Pixel Paradise\Library\PackageCache\com.unity.visualscripting@1.7.6\Editor\VisualScripting.Core\Dependencies\DotNetZip\Unity.VisualScripting.IonicZip.dll
Native extension for WindowsStandalone target not found
Native extension for WebGL target not found
Refreshing native plugins compatible for Editor in 0.95 ms, found 3 plugins.
Preloading 0 native plugins for Editor in 0.00 ms.
Mono: successfully reloaded assembly
- Completed reload, in  0.862 seconds
Domain Reload Profiling:
	ReloadAssembly (862ms)
		BeginReloadAssembly (97ms)
			ExecutionOrderSort (0ms)
			DisableScriptedObjects (3ms)
			BackupInstance (0ms)
			ReleaseScriptingObjects (0ms)
			CreateAndSetChildDomain (30ms)
		EndReloadAssembly (684ms)
			LoadAssemblies (61ms)
			RebuildTransferFunctionScriptingTraits (0ms)
			SetupTypeCache (216ms)
			ReleaseScriptCaches (1ms)
			RebuildScriptCaches (41ms)
			SetupLoadedEditorAssemblies (315ms)
				LogAssemblyErrors (0ms)
				InitializePlatformSupportModulesInManaged (12ms)
				SetLoadedEditorAssemblies (0ms)
				RefreshPlugins (1ms)
				BeforeProcessingInitializeOnLoad (69ms)
				ProcessInitializeOnLoadAttributes (178ms)
				ProcessInitializeOnLoadMethodAttributes (52ms)
				AfterProcessingInitializeOnLoad (3ms)
				EditorAssembliesLoaded (0ms)
			ExecutionOrderSort2 (0ms)
			AwakeInstancesAfterBackupRestoration (8ms)
Platform modules already initialized, skipping
Refreshing native plugins compatible for Editor in 1.49 ms, found 3 plugins.
Preloading 0 native plugins for Editor in 0.00 ms.
Unloading 5334 Unused Serialized files (Serialized files now loaded: 0)
Unloading 77 unused Assets / (4.0 MB). Loaded Objects now: 5920.
Memory consumption went from 214.4 MB to 210.3 MB.
Total: 3.707500 ms (FindLiveObjects: 0.293100 ms CreateObjectMapping: 0.247800 ms MarkObjects: 1.997200 ms  DeleteObjects: 1.168300 ms)

AssetImportParameters requested are different than current active one (requested -> active):
  custom:video-decoder-ogg-theora: a1e56fd34408186e4bbccfd4996cb3dc -> 
  custom:container-muxer-webm: aa71ff27fc2769a1b78a27578f13a17b -> 
  custom:container-demuxer-webm: 4f35f7cbe854078d1ac9338744f61a02 -> 
  custom:video-encoder-webm-vp8: eb34c28f22e8b96e1ab97ce403110664 -> 
  custom:audio-encoder-webm-vorbis: bf7c407c2cedff20999df2af8eb42d56 -> 
  custom:framework-win-MediaFoundation: 216162199b28c13a410421893ffa2e32 -> 
  custom:container-demuxer-ogg: 62fdf1f143b41e24485cea50d1cbac27 -> 
  custom:video-decoder-webm-vp8: 9c59270c3fd7afecdb556c50c9e8de78 -> 
  custom:audio-decoder-ogg-vorbis: bf7c407c2cedff20999df2af8eb42d56 -> 
========================================================================
Received Prepare
Registering precompiled user dll's ...
Registered in 0.004216 seconds.
Begin MonoManager ReloadAssembly
Symbol file LoadedFromMemory doesn't match image C:\Users\coppe\Documents\GitHub\PixelParadise\Pixel Paradise\Library\PackageCache\com.unity.visualscripting@1.7.6\Editor\VisualScripting.Core\Dependencies\YamlDotNet\Unity.VisualScripting.YamlDotNet.dll
Symbol file LoadedFromMemory is not a mono symbol file
Symbol file LoadedFromMemory doesn't match image C:\Users\coppe\Documents\GitHub\PixelParadise\Pixel Paradise\Library\PackageCache\com.unity.visualscripting@1.7.6\Editor\VisualScripting.Core\Dependencies\DotNetZip\Unity.VisualScripting.IonicZip.dll
Native extension for WindowsStandalone target not found
Native extension for WebGL target not found
Refreshing native plugins compatible for Editor in 0.59 ms, found 3 plugins.
Preloading 0 native plugins for Editor in 0.00 ms.
Mono: successfully reloaded assembly
- Completed reload, in  0.897 seconds
Domain Reload Profiling:
	ReloadAssembly (897ms)
		BeginReloadAssembly (95ms)
			ExecutionOrderSort (0ms)
			DisableScriptedObjects (3ms)
			BackupInstance (0ms)
			ReleaseScriptingObjects (0ms)
			CreateAndSetChildDomain (29ms)
		EndReloadAssembly (730ms)
			LoadAssemblies (64ms)
			RebuildTransferFunctionScriptingTraits (0ms)
			SetupTypeCache (234ms)
			ReleaseScriptCaches (2ms)
			RebuildScriptCaches (37ms)
			SetupLoadedEditorAssemblies (335ms)
				LogAssemblyErrors (0ms)
				InitializePlatformSupportModulesInManaged (9ms)
				SetLoadedEditorAssemblies (0ms)
				RefreshPlugins (1ms)
				BeforeProcessingInitializeOnLoad (77ms)
				ProcessInitializeOnLoadAttributes (188ms)
				ProcessInitializeOnLoadMethodAttributes (57ms)
				AfterProcessingInitializeOnLoad (4ms)
				EditorAssembliesLoaded (0ms)
			ExecutionOrderSort2 (0ms)
			AwakeInstancesAfterBackupRestoration (8ms)
Platform modules already initialized, skipping
Refreshing native plugins compatible for Editor in 1.40 ms, found 3 plugins.
Preloading 0 native plugins for Editor in 0.00 ms.
Unloading 5334 Unused Serialized files (Serialized files now loaded: 0)
Unloading 77 unused Assets / (4.2 MB). Loaded Objects now: 5935.
Memory consumption went from 214.5 MB to 210.3 MB.
Total: 4.605200 ms (FindLiveObjects: 0.279600 ms CreateObjectMapping: 0.156900 ms MarkObjects: 2.974400 ms  DeleteObjects: 1.193100 ms)

AssetImportParameters requested are different than current active one (requested -> active):
  custom:video-decoder-ogg-theora: a1e56fd34408186e4bbccfd4996cb3dc -> 
  custom:container-muxer-webm: aa71ff27fc2769a1b78a27578f13a17b -> 
  custom:container-demuxer-webm: 4f35f7cbe854078d1ac9338744f61a02 -> 
  custom:video-encoder-webm-vp8: eb34c28f22e8b96e1ab97ce403110664 -> 
  custom:audio-encoder-webm-vorbis: bf7c407c2cedff20999df2af8eb42d56 -> 
  custom:framework-win-MediaFoundation: 216162199b28c13a410421893ffa2e32 -> 
  custom:container-demuxer-ogg: 62fdf1f143b41e24485cea50d1cbac27 -> 
  custom:video-decoder-webm-vp8: 9c59270c3fd7afecdb556c50c9e8de78 -> 
  custom:audio-decoder-ogg-vorbis: bf7c407c2cedff20999df2af8eb42d56 -> 
========================================================================
Received Import Request.
  Time since last request: 69.122243 seconds.
  path: Assets/Scripts/Mechanics/CowController.cs
  artifactKey: Guid(166af4b100b445e47b832bdc2936df7a) Importer(815301076,1909f56bfc062723c751e8b465ee728b)
Start importing Assets/Scripts/Mechanics/CowController.cs using Guid(166af4b100b445e47b832bdc2936df7a) Importer(815301076,1909f56bfc062723c751e8b465ee728b)  -> (artifact id: 'd613641dec7078041b0500bbf6524e25') in 0.009843 seconds 
========================================================================
Received Import Request.
  Time since last request: 176.448425 seconds.
  path: Assets/Character/Animations/PlayerDeath.anim
  artifactKey: Guid(e0e8baec160e44e1bb74ca8e08777453) Importer(815301076,1909f56bfc062723c751e8b465ee728b)
Start importing Assets/Character/Animations/PlayerDeath.anim using Guid(e0e8baec160e44e1bb74ca8e08777453) Importer(815301076,1909f56bfc062723c751e8b465ee728b)  -> (artifact id: '57f8fc80183b77aa1be3c870f3cf8996') in 0.009764 seconds 
========================================================================
Received Import Request.
  Time since last request: 25.632843 seconds.
  path: Assets/Character/Animations/PlayerHurt.anim
  artifactKey: Guid(acd3fdc6781e749908cec8f29cbac75f) Importer(815301076,1909f56bfc062723c751e8b465ee728b)
Start importing Assets/Character/Animations/PlayerHurt.anim using Guid(acd3fdc6781e749908cec8f29cbac75f) Importer(815301076,1909f56bfc062723c751e8b465ee728b)  -> (artifact id: '401d03dde96fc8bae1f9b342195c54ea') in 0.002465 seconds 
========================================================================
Received Import Request.
  Time since last request: 88.080500 seconds.
  path: Assets/Environment/Sprites/cloud.png
  artifactKey: Guid(510116f768c743e41b41ed30a8bdbc29) Importer(815301076,1909f56bfc062723c751e8b465ee728b)
Start importing Assets/Environment/Sprites/cloud.png using Guid(510116f768c743e41b41ed30a8bdbc29) Importer(815301076,1909f56bfc062723c751e8b465ee728b)  -> (artifact id: 'a65111b9a93355b4e185e2d7e5dc28d4') in 0.044308 seconds 
========================================================================
Received Import Request.
  Time since last request: 0.000020 seconds.
  path: Assets/Environment/Sprites/TileFloatingLeftEdge.png
  artifactKey: Guid(cbb2fe4d69e24da4db5d9340b9a78b41) Importer(815301076,1909f56bfc062723c751e8b465ee728b)
Start importing Assets/Environment/Sprites/TileFloatingLeftEdge.png using Guid(cbb2fe4d69e24da4db5d9340b9a78b41) Importer(815301076,1909f56bfc062723c751e8b465ee728b)  -> (artifact id: '1a2d23d57fe85914a5012988df45c721') in 0.014660 seconds 
========================================================================
Received Import Request.
  Time since last request: 0.000016 seconds.
  path: Assets/Environment/Sprites/MidgroundFiller.png
  artifactKey: Guid(5bfb66baa66fb8249850422e5c04049c) Importer(815301076,1909f56bfc062723c751e8b465ee728b)
Start importing Assets/Environment/Sprites/MidgroundFiller.png using Guid(5bfb66baa66fb8249850422e5c04049c) Importer(815301076,1909f56bfc062723c751e8b465ee728b)  -> (artifact id: '9540a2b68ff1da41879aa96c91516ef1') in 0.013766 seconds 
========================================================================
Received Import Request.
  Time since last request: 0.000030 seconds.
  path: Assets/Environment/Sprites/ShortBuilding.png
  artifactKey: Guid(d6bb3a4076992b34899422ed2833ca78) Importer(815301076,1909f56bfc062723c751e8b465ee728b)
Start importing Assets/Environment/Sprites/ShortBuilding.png using Guid(d6bb3a4076992b34899422ed2833ca78) Importer(815301076,1909f56bfc062723c751e8b465ee728b)  -> (artifact id: 'c5f12516d6e05eaa5e7ad928dafa862a') in 0.027751 seconds 
========================================================================
Received Import Request.
  Time since last request: 0.000027 seconds.
  path: Assets/Environment/Sprites/TileFloatingRightEdge.png
  artifactKey: Guid(3e2b02880f6f91b43a412e910b8943a4) Importer(815301076,1909f56bfc062723c751e8b465ee728b)
Start importing Assets/Environment/Sprites/TileFloatingRightEdge.png using Guid(3e2b02880f6f91b43a412e910b8943a4) Importer(815301076,1909f56bfc062723c751e8b465ee728b)  -> (artifact id: '74d2b55d4971a2a7000856ab78f96c26') in 0.019354 seconds 
========================================================================
Received Import Request.
  Time since last request: 0.000023 seconds.
  path: Assets/Environment/Sprites/TallBuilding.png
  artifactKey: Guid(fc837eb64bd35a64dbff20cd45295fab) Importer(815301076,1909f56bfc062723c751e8b465ee728b)
Start importing Assets/Environment/Sprites/TallBuilding.png using Guid(fc837eb64bd35a64dbff20cd45295fab) Importer(815301076,1909f56bfc062723c751e8b465ee728b)  -> (artifact id: '1401ee52305330d2a40de8df97bd9b4a') in 0.031345 seconds 
========================================================================
Received Import Request.
  Time since last request: 0.000014 seconds.
  path: Assets/Environment/Sprites/hillside.png
  artifactKey: Guid(6484ca7da7c3c4b4f81cadedb9b18e9b) Importer(815301076,1909f56bfc062723c751e8b465ee728b)
Start importing Assets/Environment/Sprites/hillside.png using Guid(6484ca7da7c3c4b4f81cadedb9b18e9b) Importer(815301076,1909f56bfc062723c751e8b465ee728b)  -> (artifact id: '4bad2efb75d94ca4f6508247263d37e3') in 0.019310 seconds 
========================================================================
Received Import Request.
  Time since last request: 0.000021 seconds.
  path: Assets/Environment/Sprites/tree.png
  artifactKey: Guid(0297adc2e728da242a0e78df10d9b8b8) Importer(815301076,1909f56bfc062723c751e8b465ee728b)
Start importing Assets/Environment/Sprites/tree.png using Guid(0297adc2e728da242a0e78df10d9b8b8) Importer(815301076,1909f56bfc062723c751e8b465ee728b)  -> (artifact id: '779bd106da93baf432e4e802dec0ea59') in 0.022627 seconds 
========================================================================
Received Import Request.
  Time since last request: 0.000018 seconds.
  path: Assets/Environment/Sprites/plant.png
  artifactKey: Guid(31100c1a6774a964a9f5502cff2fb6c2) Importer(815301076,1909f56bfc062723c751e8b465ee728b)
Start importing Assets/Environment/Sprites/plant.png using Guid(31100c1a6774a964a9f5502cff2fb6c2) Importer(815301076,1909f56bfc062723c751e8b465ee728b)  -> (artifact id: '3c571402af63b4184ceda01997641621') in 0.017046 seconds 
========================================================================
Received Import Request.
  Time since last request: 0.000020 seconds.
  path: Assets/Environment/Sprites/house.png
  artifactKey: Guid(94e3ad24efa41394381384e2f14d15a2) Importer(815301076,1909f56bfc062723c751e8b465ee728b)
Start importing Assets/Environment/Sprites/house.png using Guid(94e3ad24efa41394381384e2f14d15a2) Importer(815301076,1909f56bfc062723c751e8b465ee728b)  -> (artifact id: 'd4e412aba7c78144d90588d93246b68a') in 0.028177 seconds 
Editor requested this worker to shutdown with reason: Scaling down because of idle timeout
AssetImportWorker is now disconnected from the server
Process exiting
Exiting without the bug reporter. Application will terminate with return code 0